C51 COMPILER V8.05a   CHENGXU                                                              01/02/2012 14:30:56 PAGE 1   


C51 COMPILER V8.05a, COMPILATION OF MODULE CHENGXU
OBJECT MODULE PLACED IN chengxu.OBJ
COMPILER INVOKED BY: C:\Keil\C51\BIN\C51.EXE chengxu.c BROWSE DEBUG OBJECTEXTEND

line level    source

   1          /********************************************************************
   2                                      汇诚科技
   3          
   4          实现功能:秒延时2秒程序
   5          使用芯片：STC15F104E
   6          晶振：12MHZ
   7          波特率：9600
   8          编译环境：Keil
   9          作者：zhangxinchunleo
  10          网站：www.ourhc.cn
  11          淘宝店：汇诚科技 http://shop36330473.taobao.com
  12          【声明】此程序仅用于学习与参考，引用请注明版权和作者信息！     
  13          
  14          *********************************************************************/
  15          /********************************************************************/
  16          
  17          #include<reg52.h>              //库文件
  18          #define uchar unsigned char//宏定义无符号字符型
  19          #define uint unsigned int  //宏定义无符号整型
  20          /********************************************************************
  21                                      初始定义
  22          *********************************************************************/
  23          uchar sec; //定义计数值，每过1/10 秒，sec 加一
  24          uchar keycnt=0;//按下次数值
  25          uint tcnt; //键值判断
  26          /********************************************************************
  27                                      I/O定义
  28          *********************************************************************/
  29          sbit P33=P3^3;   //定义单片机P3口的第3位 （即P3.3）
  30          
  31          /********************************************************************
  32                                      定时中断服务函数
  33          *********************************************************************/
  34          void t0(void) interrupt 1 using 0 //定时中断服务函数
  35          {
  36   1              tcnt++; //每过250ust tcnt 加一
  37   1              if(tcnt==400) //计满400 次（1/10 秒）时
  38   1              {
  39   2                      tcnt=0; //重新再计
  40   2                      sec++;
  41   2                      if(sec==10) //定时10 秒，在从零开始计时
  42   2                      {
  43   3                              sec=0;
  44   3                              P33=!P33;  //取反 P3.3
  45   3                      }
  46   2              }
  47   1      }
  48          
  49          /********************************************************************
  50                                      主函数
  51          *********************************************************************/
  52          void main()
  53          {
  54   1              TMOD=0x02; //定时器工作在方式2
  55   1              TH0=0x06; //对TH0 TL0 赋值
C51 COMPILER V8.05a   CHENGXU                                                              01/02/2012 14:30:56 PAGE 2   

  56   1              TL0=0x06;
  57   1              TR0=1; //开始定时
  58   1              ET0=1;
  59   1              EA=1;
  60   1              sec=0;
  61   1              while(1)
  62   1              {
  63   2      
  64   2              }
  65   1      }               
  66          
  67                  
  68          /********************************************************************
  69                                        结束
  70          *********************************************************************/


MODULE INFORMATION:   STATIC OVERLAYABLE
   CODE SIZE        =     63    ----
   CONSTANT SIZE    =   ----    ----
   XDATA SIZE       =   ----    ----
   PDATA SIZE       =   ----    ----
   DATA SIZE        =      4    ----
   IDATA SIZE       =   ----    ----
   BIT SIZE         =   ----    ----
END OF MODULE INFORMATION.


C51 COMPILATION COMPLETE.  0 WARNING(S),  0 ERROR(S)
