C51 COMPILER V9.00   TIMER                                                                 03/08/2012 16:14:38 PAGE 1   


C51 COMPILER V9.00, COMPILATION OF MODULE TIMER
OBJECT MODULE PLACED IN timer.OBJ
COMPILER INVOKED BY: C:\Keil\C51\BIN\C51.EXE timer.c BROWSE DEBUG OBJECTEXTEND

line level    source

   1          /********************************************************************
   2                                      汇诚科技
   3          
   4          实现功能:定时器产生延时1秒程序
   5          使用芯片：STC15F104E
   6          晶振：12MHZ
   7          波特率：9600
   8          编译环境：Keil
   9          作者：zhangxinchunleo
  10          网站：www.ourhc.cn
  11          淘宝店：汇诚科技 http://shop36330473.taobao.com
  12          【声明】此程序仅用于学习与参考，引用请注明版权和作者信息！     
  13          
  14          *********************************************************************/
  15          /********************************************************************/
  16          
  17          
  18          


MODULE INFORMATION:   STATIC OVERLAYABLE
   CODE SIZE        =   ----    ----
   CONSTANT SIZE    =   ----    ----
   XDATA SIZE       =   ----    ----
   PDATA SIZE       =   ----    ----
   DATA SIZE        =   ----    ----
   IDATA SIZE       =   ----    ----
   BIT SIZE         =   ----    ----
END OF MODULE INFORMATION.


C51 COMPILATION COMPLETE.  0 WARNING(S),  0 ERROR(S)
