Sunplus u'nSP Assembler - Ver. 1.6.0
              Listing File Has Been Relocated
                            	// GCC for SUNPLUS u'nSP version 1.0.9
                            	// Command: E:\PROGRA~1\Sunplus\STUDYU~1\cc1.exe C:\DOCUME~1\˔Ȼ˚.DOMAIN\LOCALS~1\Temp\ccgxaaaa.i -fkeep-inline-functions -quiet -dumpbase main.c -gstabs -o .\Debug/main.asm
                            	// gcc2_compiled.:
                            	
00009A8D                    	.code
                            	Ltext0:
00000000                    	.debug
00000000 2E 00 73 00        		.dw '.stabs "int:t1=r1;-32768;32767;",128,0,0,0',0x0d,0x0a
         74 00 61 00
         62 00 73 00
         20 00 22 00
         69 00 6E 00
         74 00 3A 00
         74 00 31 00
         3D 00 72 00
         31 00 3B 00
         2D 00 33 00
         32 00 37 00
         36 00 38 00
         3B 00 33 00
         32 00 37 00
         36 00 37 00
         3B 00 22 00
         2C 00 31 00
         32 00 38 00
         2C 00 30 00
         2C 00 30 00
         2C 00 30 00
         0D 00 0A 00
00009A8D                    	.CODE
0000002C                    	.debug
0000002C 2E 00 73 00        		.dw '.stabs "char:t2=r2;0;127;",128,0,0,0',0x0d,0x0a
         74 00 61 00
         62 00 73 00
         20 00 22 00
         63 00 68 00
         61 00 72 00
         3A 00 74 00
         32 00 3D 00
         72 00 32 00
         3B 00 30 00
         3B 00 31 00
         32 00 37 00
         3B 00 22 00
         2C 00 31 00
         32 00 38 00
         2C 00 30 00
         2C 00 30 00
         2C 00 30 00
         0D 00 0A 00
00009A8D                    	.CODE
00000052                    	.debug
00000052 2E 00 73 00        		.dw '.stabs "long int:t3=r3;-2147483648;2147483647;",128,0,0,0',0x0d,0x0a
         74 00 61 00
         62 00 73 00
         20 00 22 00
         6C 00 6F 00
         6E 00 67 00
         20 00 69 00
         6E 00 74 00
         3A 00 74 00
         33 00 3D 00
         72 00 33 00
         3B 00 2D 00
         32 00 31 00
         34 00 37 00
         34 00 38 00
         33 00 36 00
         34 00 38 00
         3B 00 32 00
         31 00 34 00
         37 00 34 00
         38 00 33 00
         36 00 34 00
         37 00 3B 00
         22 00 2C 00
         31 00 32 00
         38 00 2C 00
         30 00 2C 00
         30 00 2C 00
         30 00 0D 00
         0A 00      
00009A8D                    	.CODE
0000008D                    	.debug
0000008D 2E 00 73 00        		.dw '.stabs "unsigned int:t4=r4;0;65535;",128,0,0,0',0x0d,0x0a
         74 00 61 00
         62 00 73 00
         20 00 22 00
         75 00 6E 00
         73 00 69 00
         67 00 6E 00
         65 00 64 00
         20 00 69 00
         6E 00 74 00
         3A 00 74 00
         34 00 3D 00
         72 00 34 00
         3B 00 30 00
         3B 00 36 00
         35 00 35 00
         33 00 35 00
         3B 00 22 00
         2C 00 31 00
         32 00 38 00
         2C 00 30 00
         2C 00 30 00
         2C 00 30 00
         0D 00 0A 00
00009A8D                    	.CODE
000000BD                    	.debug
000000BD 2E 00 73 00        		.dw '.stabs "long unsigned int:t5=r5;0;4294967295;",128,0,0,0',0x0d,0x0a
         74 00 61 00
         62 00 73 00
         20 00 22 00
         6C 00 6F 00
         6E 00 67 00
         20 00 75 00
         6E 00 73 00
         69 00 67 00
         6E 00 65 00
         64 00 20 00
         69 00 6E 00
         74 00 3A 00
         74 00 35 00
         3D 00 72 00
         35 00 3B 00
         30 00 3B 00
         34 00 32 00
         39 00 34 00
         39 00 36 00
         37 00 32 00
         39 00 35 00
         3B 00 22 00
         2C 00 31 00
         32 00 38 00
         2C 00 30 00
         2C 00 30 00
         2C 00 30 00
         0D 00 0A 00
00009A8D                    	.CODE
000000F7                    	.debug
000000F7 2E 00 73 00        		.dw '.stabs "long long int:t6=r6;-2147483648;2147483647;",128,0,0,0',0x0d,0x0a
         74 00 61 00
         62 00 73 00
         20 00 22 00
         6C 00 6F 00
         6E 00 67 00
         20 00 6C 00
         6F 00 6E 00
         67 00 20 00
         69 00 6E 00
         74 00 3A 00
         74 00 36 00
         3D 00 72 00
         36 00 3B 00
         2D 00 32 00
         31 00 34 00
         37 00 34 00
         38 00 33 00
         36 00 34 00
         38 00 3B 00
         32 00 31 00
         34 00 37 00
         34 00 38 00
         33 00 36 00
         34 00 37 00
         3B 00 22 00
         2C 00 31 00
         32 00 38 00
         2C 00 30 00
         2C 00 30 00
         2C 00 30 00
         0D 00 0A 00
00009A8D                    	.CODE
00000137                    	.debug
00000137 2E 00 73 00        		.dw '.stabs "long long unsigned int:t7=r7;0;4294967295;",128,0,0,0',0x0d,0x0a
         74 00 61 00
         62 00 73 00
         20 00 22 00
         6C 00 6F 00
         6E 00 67 00
         20 00 6C 00
         6F 00 6E 00
         67 00 20 00
         75 00 6E 00
         73 00 69 00
         67 00 6E 00
         65 00 64 00
         20 00 69 00
         6E 00 74 00
         3A 00 74 00
         37 00 3D 00
         72 00 37 00
         3B 00 30 00
         3B 00 34 00
         32 00 39 00
         34 00 39 00
         36 00 37 00
         32 00 39 00
         35 00 3B 00
         22 00 2C 00
         31 00 32 00
         38 00 2C 00
         30 00 2C 00
         30 00 2C 00
         30 00 0D 00
         0A 00      
00009A8D                    	.CODE
00000176                    	.debug
00000176 2E 00 73 00        		.dw '.stabs "short int:t8=r8;-32768;32767;",128,0,0,0',0x0d,0x0a
         74 00 61 00
         62 00 73 00
         20 00 22 00
         73 00 68 00
         6F 00 72 00
         74 00 20 00
         69 00 6E 00
         74 00 3A 00
         74 00 38 00
         3D 00 72 00
         38 00 3B 00
         2D 00 33 00
         32 00 37 00
         36 00 38 00
         3B 00 33 00
         32 00 37 00
         36 00 37 00
         3B 00 22 00
         2C 00 31 00
         32 00 38 00
         2C 00 30 00
         2C 00 30 00
         2C 00 30 00
         0D 00 0A 00
00009A8D                    	.CODE
000001A8                    	.debug
000001A8 2E 00 73 00        		.dw '.stabs "short unsigned int:t9=r9;0;65535;",128,0,0,0',0x0d,0x0a
         74 00 61 00
         62 00 73 00
         20 00 22 00
         73 00 68 00
         6F 00 72 00
         74 00 20 00
         75 00 6E 00
         73 00 69 00
         67 00 6E 00
         65 00 64 00
         20 00 69 00
         6E 00 74 00
         3A 00 74 00
         39 00 3D 00
         72 00 39 00
         3B 00 30 00
         3B 00 36 00
         35 00 35 00
         33 00 35 00
         3B 00 22 00
         2C 00 31 00
         32 00 38 00
         2C 00 30 00
         2C 00 30 00
         2C 00 30 00
         0D 00 0A 00
00009A8D                    	.CODE
000001DE                    	.debug
000001DE 2E 00 73 00        		.dw '.stabs "signed char:t10=r10;-32768;32767;",128,0,0,0',0x0d,0x0a
         74 00 61 00
         62 00 73 00
         20 00 22 00
         73 00 69 00
         67 00 6E 00
         65 00 64 00
         20 00 63 00
         68 00 61 00
         72 00 3A 00
         74 00 31 00
         30 00 3D 00
         72 00 31 00
         30 00 3B 00
         2D 00 33 00
         32 00 37 00
         36 00 38 00
         3B 00 33 00
         32 00 37 00
         36 00 37 00
         3B 00 22 00
         2C 00 31 00
         32 00 38 00
         2C 00 30 00
         2C 00 30 00
         2C 00 30 00
         0D 00 0A 00
00009A8D                    	.CODE
00000214                    	.debug
00000214 2E 00 73 00        		.dw '.stabs "unsigned char:t11=r11;0;65535;",128,0,0,0',0x0d,0x0a
         74 00 61 00
         62 00 73 00
         20 00 22 00
         75 00 6E 00
         73 00 69 00
         67 00 6E 00
         65 00 64 00
         20 00 63 00
         68 00 61 00
         72 00 3A 00
         74 00 31 00
         31 00 3D 00
         72 00 31 00
         31 00 3B 00
         30 00 3B 00
         36 00 35 00
         35 00 33 00
         35 00 3B 00
         22 00 2C 00
         31 00 32 00
         38 00 2C 00
         30 00 2C 00
         30 00 2C 00
         30 00 0D 00
         0A 00      
00009A8D                    	.CODE
00000247                    	.debug
00000247 2E 00 73 00        		.dw '.stabs "float:t12=r1;2;0;",128,0,0,0',0x0d,0x0a
         74 00 61 00
         62 00 73 00
         20 00 22 00
         66 00 6C 00
         6F 00 61 00
         74 00 3A 00
         74 00 31 00
         32 00 3D 00
         72 00 31 00
         3B 00 32 00
         3B 00 30 00
         3B 00 22 00
         2C 00 31 00
         32 00 38 00
         2C 00 30 00
         2C 00 30 00
         2C 00 30 00
         0D 00 0A 00
00009A8D                    	.CODE
0000026D                    	.debug
0000026D 2E 00 73 00        		.dw '.stabs "double:t13=r1;2;0;",128,0,0,0',0x0d,0x0a
         74 00 61 00
         62 00 73 00
         20 00 22 00
         64 00 6F 00
         75 00 62 00
         6C 00 65 00
         3A 00 74 00
         31 00 33 00
         3D 00 72 00
         31 00 3B 00
         32 00 3B 00
         30 00 3B 00
         22 00 2C 00
         31 00 32 00
         38 00 2C 00
         30 00 2C 00
         30 00 2C 00
         30 00 0D 00
         0A 00      
00009A8D                    	.CODE
00000294                    	.debug
00000294 2E 00 73 00        		.dw '.stabs "long double:t14=r1;2;0;",128,0,0,0',0x0d,0x0a
         74 00 61 00
         62 00 73 00
         20 00 22 00
         6C 00 6F 00
         6E 00 67 00
         20 00 64 00
         6F 00 75 00
         62 00 6C 00
         65 00 3A 00
         74 00 31 00
         34 00 3D 00
         72 00 31 00
         3B 00 32 00
         3B 00 30 00
         3B 00 22 00
         2C 00 31 00
         32 00 38 00
         2C 00 30 00
         2C 00 30 00
         2C 00 30 00
         0D 00 0A 00
00009A8D                    	.CODE
000002C0                    	.debug
000002C0 2E 00 73 00        		.dw '.stabs "complex int:t15=s2real:1,0,16;imag:1,16,16;;",128,0,0,0',0x0d,0x0a
         74 00 61 00
         62 00 73 00
         20 00 22 00
         63 00 6F 00
         6D 00 70 00
         6C 00 65 00
         78 00 20 00
         69 00 6E 00
         74 00 3A 00
         74 00 31 00
         35 00 3D 00
         73 00 32 00
         72 00 65 00
         61 00 6C 00
         3A 00 31 00
         2C 00 30 00
         2C 00 31 00
         36 00 3B 00
         69 00 6D 00
         61 00 67 00
         3A 00 31 00
         2C 00 31 00
         36 00 2C 00
         31 00 36 00
         3B 00 3B 00
         22 00 2C 00
         31 00 32 00
         38 00 2C 00
         30 00 2C 00
         30 00 2C 00
         30 00 0D 00
         0A 00      
00009A8D                    	.CODE
00000301                    	.debug
00000301 2E 00 73 00        		.dw '.stabs "complex float:t16=r16;2;0;",128,0,0,0',0x0d,0x0a
         74 00 61 00
         62 00 73 00
         20 00 22 00
         63 00 6F 00
         6D 00 70 00
         6C 00 65 00
         78 00 20 00
         66 00 6C 00
         6F 00 61 00
         74 00 3A 00
         74 00 31 00
         36 00 3D 00
         72 00 31 00
         36 00 3B 00
         32 00 3B 00
         30 00 3B 00
         22 00 2C 00
         31 00 32 00
         38 00 2C 00
         30 00 2C 00
         30 00 2C 00
         30 00 0D 00
         0A 00      
00009A8D                    	.CODE
00000330                    	.debug
00000330 2E 00 73 00        		.dw '.stabs "complex double:t17=r17;2;0;",128,0,0,0',0x0d,0x0a
         74 00 61 00
         62 00 73 00
         20 00 22 00
         63 00 6F 00
         6D 00 70 00
         6C 00 65 00
         78 00 20 00
         64 00 6F 00
         75 00 62 00
         6C 00 65 00
         3A 00 74 00
         31 00 37 00
         3D 00 72 00
         31 00 37 00
         3B 00 32 00
         3B 00 30 00
         3B 00 22 00
         2C 00 31 00
         32 00 38 00
         2C 00 30 00
         2C 00 30 00
         2C 00 30 00
         0D 00 0A 00
00009A8D                    	.CODE
00000360                    	.debug
00000360 2E 00 73 00        		.dw '.stabs "complex long double:t18=r18;2;0;",128,0,0,0',0x0d,0x0a
         74 00 61 00
         62 00 73 00
         20 00 22 00
         63 00 6F 00
         6D 00 70 00
         6C 00 65 00
         78 00 20 00
         6C 00 6F 00
         6E 00 67 00
         20 00 64 00
         6F 00 75 00
         62 00 6C 00
         65 00 3A 00
         74 00 31 00
         38 00 3D 00
         72 00 31 00
         38 00 3B 00
         32 00 3B 00
         30 00 3B 00
         22 00 2C 00
         31 00 32 00
         38 00 2C 00
         30 00 2C 00
         30 00 2C 00
         30 00 0D 00
         0A 00      
00009A8D                    	.CODE
00000395                    	.debug
00000395 2E 00 73 00        		.dw '.stabs "void:t19=19",128,0,0,0',0x0d,0x0a
         74 00 61 00
         62 00 73 00
         20 00 22 00
         76 00 6F 00
         69 00 64 00
         3A 00 74 00
         31 00 39 00
         3D 00 31 00
         39 00 22 00
         2C 00 31 00
         32 00 38 00
         2C 00 30 00
         2C 00 30 00
         2C 00 30 00
         0D 00 0A 00
00009A8D                    	.CODE
00009A8D                    	.code
000003B5                    	.debug
000003B5 2E 00 73 00        		.dw '.stabs "main:F1",36,0,0,',0,0,offset _main,seg _main,0x0d,0x0a
         74 00 61 00
         62 00 73 00
         20 00 22 00
         6D 00 61 00
         69 00 6E 00
         3A 00 46 00
         31 00 22 00
         2C 00 33 00
         36 00 2C 00
         30 00 2C 00
         30 00 2C 00
         00 00 00 00
         00 00 00 00
         0D 00 0A 00
00009A8D                    	.CODE
                            	.public _main
                            	_main:	.proc
000003D3                    	.debug
000003D3 2E 00 73 00        		.dw '.stabn 0x44,0,40,',0,0
         74 00 61 00
         62 00 6E 00
         20 00 30 00
         78 00 34 00
         34 00 2C 00
         30 00 2C 00
         34 00 30 00
         2C 00 00 00
         00 00      
000003E6 00 00 00 00        		.dd LM1-_main
000003E8 0D 00 0A 00        		.dw 0x0d,0x0a
00009A8D                    	.code
                            	LM1:
                            		// total=1, vars=1
                            		// frame_pointer_needed: 1
00009A8D 88 DA              		push bp to [sp]
00009A8E 41 20              		sp-=1
00009A8F 08 0B 01 00        		bp=sp+1
                            	
00009A91 0D 03 04 00        		R1=BP+4
00009A93 C5 D2              		[BP]=R1	// QImode move
000003EA                    	.debug
000003EA 2E 00 73 00        		.dw '.stabn 0x44,0,41,',0,0
         74 00 61 00
         62 00 6E 00
         20 00 30 00
         78 00 34 00
         34 00 2C 00
         30 00 2C 00
         34 00 31 00
         2C 00 00 00
         00 00      
000003FD 07 00 00 00        		.dd LM2-_main
000003FF 0D 00 0A 00        		.dw 0x0d,0x0a
00009A94                    	.code
                            	LM2:
                            	LBB2:
00009A94 40 F0 7A 9C        		call _System_Initial	// call with return value
00000401                    	.debug
00000401 2E 00 73 00        		.dw '.stabn 0x44,0,42,',0,0
         74 00 61 00
         62 00 6E 00
         20 00 30 00
         78 00 34 00
         34 00 2C 00
         30 00 2C 00
         34 00 32 00
         2C 00 00 00
         00 00      
00000414 09 00 00 00        		.dd LM3-_main
00000416 0D 00 0A 00        		.dw 0x0d,0x0a
00009A96                    	.code
                            	LM3:
00009A96 40 92              		R1=0	// QImode move
00009A97 C8 D2              		[SP--]=R1	// QImode move
00009A98 40 F0 2F 80        		call _SACM_DVR_Initial	// call with return value
00009A9A 41 00              		SP=SP+1
00000418                    	.debug
00000418 2E 00 73 00        		.dw '.stabn 0x44,0,43,',0,0
         74 00 61 00
         62 00 6E 00
         20 00 30 00
         78 00 34 00
         34 00 2C 00
         30 00 2C 00
         34 00 33 00
         2C 00 00 00
         00 00      
0000042B 0E 00 00 00        		.dd LM4-_main
0000042D 0D 00 0A 00        		.dw 0x0d,0x0a
00009A9B                    	.code
                            	LM4:
00009A9B 40 92              		R1=0	// QImode move
00009A9C 19 D3 0E 06        		[_Status]=R1	// QImode move
0000042F                    	.debug
0000042F 2E 00 73 00        		.dw '.stabn 0x44,0,44,',0,0
         74 00 61 00
         62 00 6E 00
         20 00 30 00
         78 00 34 00
         34 00 2C 00
         30 00 2C 00
         34 00 34 00
         2C 00 00 00
         00 00      
00000442 11 00 00 00        		.dd LM5-_main
00000444 0D 00 0A 00        		.dw 0x0d,0x0a
00009A9E                    	.code
                            	LM5:
                            	L3:
00009A9E 0F 9F A2 9A        		pc=L5	// Indirect jump
00009AA0 0F 9F FD 9B        		pc=L4	// Indirect jump
                            	L5:
00000446                    	.debug
00000446 2E 00 73 00        		.dw '.stabn 0x44,0,46,',0,0
         74 00 61 00
         62 00 6E 00
         20 00 30 00
         78 00 34 00
         34 00 2C 00
         30 00 2C 00
         34 00 36 00
         2C 00 00 00
         00 00      
00000459 15 00 00 00        		.dd LM6-_main
0000045B 0D 00 0A 00        		.dw 0x0d,0x0a
00009AA2                    	.code
                            	LM6:
                            	LBB3:
00009AA2 40 F0 38 9C        		call _SP_GetCh	// call with return value
00009AA4 19 D3 10 06        		[_Key]=R1	// QImode move
0000045D                    	.debug
0000045D 2E 00 73 00        		.dw '.stabn 0x44,0,47,',0,0
         74 00 61 00
         62 00 6E 00
         20 00 30 00
         78 00 34 00
         34 00 2C 00
         30 00 2C 00
         34 00 37 00
         2C 00 00 00
         00 00      
00000470 19 00 00 00        		.dd LM7-_main
00000472 0D 00 0A 00        		.dw 0x0d,0x0a
00009AA6                    	.code
                            	LM7:
00009AA6 11 93 10 06        		R1=[_Key]	// QImode move
00009AA8 42 42              		CMP R1,2	// QImode compare
00009AA9 02 4E              		JNZ L47	// QImode EQ
00009AAA 0F 9F E9 9A        		PC=L12
                            	L47:
00009AAC 42 42              		CMP R1,2	// QImode compare
00009AAD 02 8E              		JNA L48	// QImode GTU
00009AAE 0F 9F B6 9A        		PC=L31
                            	L48:
00009AB0 41 42              		CMP R1,1	// QImode compare
00009AB1 02 4E              		JNZ L49	// QImode EQ
00009AB2 0F 9F BC 9A        		PC=L7
                            	L49:
00009AB4 0F 9F 71 9B        		pc=L29	// Indirect jump
                            	L31:
00009AB6 44 42              		CMP R1,4	// QImode compare
00009AB7 02 4E              		JNZ L50	// QImode EQ
00009AB8 0F 9F 20 9B        		PC=L21
                            	L50:
00009ABA 0F 9F 71 9B        		pc=L29	// Indirect jump
                            	L7:
00000474                    	.debug
00000474 2E 00 73 00        		.dw '.stabn 0x44,0,52,',0,0
         74 00 61 00
         62 00 6E 00
         20 00 30 00
         78 00 34 00
         34 00 2C 00
         30 00 2C 00
         35 00 32 00
         2C 00 00 00
         00 00      
00000487 2F 00 00 00        		.dd LM8-_main
00000489 0D 00 0A 00        		.dw 0x0d,0x0a
00009ABC                    	.code
                            	LM8:
00009ABC 09 63 00 60        		R1=(-24576)	// QImode move
00009ABE 19 D3 11 06        		[_Addr]=R1	// QImode move
                            	L8:
00009AC0 11 93 11 06        		R1=[_Addr]	// QImode move
00009AC2 09 43 FF EF        		CMP R1,(-4097)	// QImode compare
00009AC4 02 9E              		JA L51	// QImode LEU
00009AC5 0F 9F C9 9A        		PC=L11
                            	L51:
00009AC7 0F 9F D9 9A        		pc=L9	// Indirect jump
                            	L11:
0000048B                    	.debug
0000048B 2E 00 73 00        		.dw '.stabn 0x44,0,54,',0,0
         74 00 61 00
         62 00 6E 00
         20 00 30 00
         78 00 34 00
         34 00 2C 00
         30 00 2C 00
         35 00 34 00
         2C 00 00 00
         00 00      
0000049E 3C 00 00 00        		.dd LM9-_main
000004A0 0D 00 0A 00        		.dw 0x0d,0x0a
00009AC9                    	.code
                            	LM9:
                            	LBB4:
00009AC9 40 F0 90 9C        		call _Clear_WatchDog	// call with return value
000004A2                    	.debug
000004A2 2E 00 73 00        		.dw '.stabn 0x44,0,55,',0,0
         74 00 61 00
         62 00 6E 00
         20 00 30 00
         78 00 34 00
         34 00 2C 00
         30 00 2C 00
         35 00 35 00
         2C 00 00 00
         00 00      
000004B5 3E 00 00 00        		.dd LM10-_main
000004B7 0D 00 0A 00        		.dw 0x0d,0x0a
00009ACB                    	.code
                            	LM10:
00009ACB 11 93 11 06        		R1=[_Addr]	// QImode move
00009ACD C8 D2              		[SP--]=R1	// QImode move
00009ACE 40 F0 64 9C        		call _F_FlashErase	// call with return value
00009AD0 41 00              		SP=SP+1
000004B9                    	.debug
000004B9 2E 00 73 00        		.dw '.stabn 0x44,0,56,',0,0
         74 00 61 00
         62 00 6E 00
         20 00 30 00
         78 00 34 00
         34 00 2C 00
         30 00 2C 00
         35 00 36 00
         2C 00 00 00
         00 00      
000004CC 44 00 00 00        		.dd LM11-_main
000004CE 0D 00 0A 00        		.dw 0x0d,0x0a
00009AD1                    	.code
                            	LM11:
                            	LBE4:
000004D0                    	.debug
000004D0 2E 00 73 00        		.dw '.stabn 0x44,0,52,',0,0
         74 00 61 00
         62 00 6E 00
         20 00 30 00
         78 00 34 00
         34 00 2C 00
         30 00 2C 00
         35 00 32 00
         2C 00 00 00
         00 00      
000004E3 44 00 00 00        		.dd LM12-_main
000004E5 0D 00 0A 00        		.dw 0x0d,0x0a
00009AD1                    	.code
                            	LM12:
                            	L10:
00009AD1 11 93 11 06        		R1=[_Addr]	// QImode move
00009AD3 0A 95 00 01        		R2=256	// QImode move
00009AD5 19 05 11 06        		[_Addr]=R1+R2
00009AD7 0F 9F C0 9A        		pc=L8	// Indirect jump
                            	L9:
000004E7                    	.debug
000004E7 2E 00 73 00        		.dw '.stabn 0x44,0,57,',0,0
         74 00 61 00
         62 00 6E 00
         20 00 30 00
         78 00 34 00
         34 00 2C 00
         30 00 2C 00
         35 00 37 00
         2C 00 00 00
         00 00      
000004FA 4C 00 00 00        		.dd LM13-_main
000004FC 0D 00 0A 00        		.dw 0x0d,0x0a
00009AD9                    	.code
                            	LM13:
00009AD9 41 92              		R1=1	// QImode move
00009ADA 19 D3 0E 06        		[_Status]=R1	// QImode move
000004FE                    	.debug
000004FE 2E 00 73 00        		.dw '.stabn 0x44,0,58,',0,0
         74 00 61 00
         62 00 6E 00
         20 00 30 00
         78 00 34 00
         34 00 2C 00
         30 00 2C 00
         35 00 38 00
         2C 00 00 00
         00 00      
00000511 4F 00 00 00        		.dd LM14-_main
00000513 0D 00 0A 00        		.dw 0x0d,0x0a
00009ADC                    	.code
                            	LM14:
00009ADC 09 63 00 60        		R1=(-24576)	// QImode move
00009ADE 19 D3 11 06        		[_Addr]=R1	// QImode move
00000515                    	.debug
00000515 2E 00 73 00        		.dw '.stabn 0x44,0,60,',0,0
         74 00 61 00
         62 00 6E 00
         20 00 30 00
         78 00 34 00
         34 00 2C 00
         30 00 2C 00
         36 00 30 00
         2C 00 00 00
         00 00      
00000528 53 00 00 00        		.dd LM15-_main
0000052A 0D 00 0A 00        		.dw 0x0d,0x0a
00009AE0                    	.code
                            	LM15:
00009AE0 40 F0 00 81        		call _SACM_DVR_InitQueue	// call without return value
0000052C                    	.debug
0000052C 2E 00 73 00        		.dw '.stabn 0x44,0,61,',0,0
         74 00 61 00
         62 00 6E 00
         20 00 30 00
         78 00 34 00
         34 00 2C 00
         30 00 2C 00
         36 00 31 00
         2C 00 00 00
         00 00      
0000053F 55 00 00 00        		.dd LM16-_main
00000541 0D 00 0A 00        		.dw 0x0d,0x0a
00009AE2                    	.code
                            	LM16:
00009AE2 41 92              		R1=1	// QImode move
00009AE3 C8 D2              		[SP--]=R1	// QImode move
00009AE4 40 F0 96 80        		call _SACM_DVR_InitEncoder	// call without return value
00009AE6 41 00              		SP=SP+1
00000543                    	.debug
00000543 2E 00 73 00        		.dw '.stabn 0x44,0,62,',0,0
         74 00 61 00
         62 00 6E 00
         20 00 30 00
         78 00 34 00
         34 00 2C 00
         30 00 2C 00
         36 00 32 00
         2C 00 00 00
         00 00      
00000556 5A 00 00 00        		.dd LM17-_main
00000558 0D 00 0A 00        		.dw 0x0d,0x0a
00009AE7                    	.code
                            	LM17:
00009AE7 0F 9F 73 9B        		pc=L6	// Indirect jump
                            	L12:
0000055A                    	.debug
0000055A 2E 00 73 00        		.dw '.stabn 0x44,0,67,',0,0
         74 00 61 00
         62 00 6E 00
         20 00 30 00
         78 00 34 00
         34 00 2C 00
         30 00 2C 00
         36 00 37 00
         2C 00 00 00
         00 00      
0000056D 5C 00 00 00        		.dd LM18-_main
0000056F 0D 00 0A 00        		.dw 0x0d,0x0a
00009AE9                    	.code
                            	LM18:
00009AE9 11 93 0E 06        		R1=[_Status]	// QImode move
00009AEB 41 42              		CMP R1,1	// QImode compare
00009AEC 02 4E              		JNZ L52	// QImode EQ
00009AED 0F 9F F5 9A        		PC=L14
                            	L52:
00009AEF 42 42              		CMP R1,2	// QImode compare
00009AF0 02 4E              		JNZ L53	// QImode EQ
00009AF1 0F 9F 15 9B        		PC=L18
                            	L53:
00009AF3 0F 9F 19 9B        		pc=L19	// Indirect jump
                            	L14:
00000571                    	.debug
00000571 2E 00 73 00        		.dw '.stabn 0x44,0,70,',0,0
         74 00 61 00
         62 00 6E 00
         20 00 30 00
         78 00 34 00
         34 00 2C 00
         30 00 2C 00
         37 00 30 00
         2C 00 00 00
         00 00      
00000584 68 00 00 00        		.dd LM19-_main
00000586 0D 00 0A 00        		.dw 0x0d,0x0a
00009AF5                    	.code
                            	LM19:
00009AF5 40 F0 EC 80        		call _SACM_DVR_Stop	// call without return value
00000588                    	.debug
00000588 2E 00 73 00        		.dw '.stabn 0x44,0,71,',0,0
         74 00 61 00
         62 00 6E 00
         20 00 30 00
         78 00 34 00
         34 00 2C 00
         30 00 2C 00
         37 00 31 00
         2C 00 00 00
         00 00      
0000059B 6A 00 00 00        		.dd LM20-_main
0000059D 0D 00 0A 00        		.dw 0x0d,0x0a
00009AF7                    	.code
                            	LM20:
                            	L15:
00009AF7 40 F0 19 81        		call _SACM_DVR_TestQueue	// call with return value
00009AF9 42 42              		CMP R1,2	// QImode compare
00009AFA 02 5E              		JZ L54	// QImode NE
00009AFB 0F 9F FF 9A        		PC=L17
                            	L54:
00009AFD 0F 9F 13 9B        		pc=L16	// Indirect jump
                            	L17:
0000059F                    	.debug
0000059F 2E 00 73 00        		.dw '.stabn 0x44,0,73,',0,0
         74 00 61 00
         62 00 6E 00
         20 00 30 00
         78 00 34 00
         34 00 2C 00
         30 00 2C 00
         37 00 33 00
         2C 00 00 00
         00 00      
000005B2 72 00 00 00        		.dd LM21-_main
000005B4 0D 00 0A 00        		.dw 0x0d,0x0a
00009AFF                    	.code
                            	LM21:
                            	LBB5:
00009AFF 40 F0 05 81        		call _SACM_DVR_FetchQueue	// call with return value
00009B01 19 D3 0F 06        		[_Ret]=R1	// QImode move
000005B6                    	.debug
000005B6 2E 00 73 00        		.dw '.stabn 0x44,0,74,',0,0
         74 00 61 00
         62 00 6E 00
         20 00 30 00
         78 00 34 00
         34 00 2C 00
         30 00 2C 00
         37 00 34 00
         2C 00 00 00
         00 00      
000005C9 76 00 00 00        		.dd LM22-_main
000005CB 0D 00 0A 00        		.dw 0x0d,0x0a
00009B03                    	.code
                            	LM22:
00009B03 11 93 0F 06        		R1=[_Ret]	// QImode move
00009B05 C8 D2              		[SP--]=R1	// QImode move
00009B06 11 93 11 06        		R1=[_Addr]	// QImode move
00009B08 C8 D2              		[SP--]=R1	// QImode move
00009B09 40 F0 3E 9C        		call _F_FlashWrite1Word	// call with return value
00009B0B 42 00              		SP=SP+2
000005CD                    	.debug
000005CD 2E 00 73 00        		.dw '.stabn 0x44,0,75,',0,0
         74 00 61 00
         62 00 6E 00
         20 00 30 00
         78 00 34 00
         34 00 2C 00
         30 00 2C 00
         37 00 35 00
         2C 00 00 00
         00 00      
000005E0 7F 00 00 00        		.dd LM23-_main
000005E2 0D 00 0A 00        		.dw 0x0d,0x0a
00009B0C                    	.code
                            	LM23:
00009B0C 11 93 11 06        		R1=[_Addr]	// QImode move
00009B0E 41 94              		R2=1	// QImode move
00009B0F 19 05 11 06        		[_Addr]=R1+R2
000005E4                    	.debug
000005E4 2E 00 73 00        		.dw '.stabn 0x44,0,76,',0,0
         74 00 61 00
         62 00 6E 00
         20 00 30 00
         78 00 34 00
         34 00 2C 00
         30 00 2C 00
         37 00 36 00
         2C 00 00 00
         00 00      
000005F7 84 00 00 00        		.dd LM24-_main
000005F9 0D 00 0A 00        		.dw 0x0d,0x0a
00009B11                    	.code
                            	LM24:
                            	LBE5:
00009B11 0F 9F F7 9A        		pc=L15	// Indirect jump
                            	L16:
000005FB                    	.debug
000005FB 2E 00 73 00        		.dw '.stabn 0x44,0,77,',0,0
         74 00 61 00
         62 00 6E 00
         20 00 30 00
         78 00 34 00
         34 00 2C 00
         30 00 2C 00
         37 00 37 00
         2C 00 00 00
         00 00      
0000060E 86 00 00 00        		.dd LM25-_main
00000610 0D 00 0A 00        		.dw 0x0d,0x0a
00009B13                    	.code
                            	LM25:
00009B13 0F 9F 1B 9B        		pc=L13	// Indirect jump
                            	L18:
00000612                    	.debug
00000612 2E 00 73 00        		.dw '.stabn 0x44,0,79,',0,0
         74 00 61 00
         62 00 6E 00
         20 00 30 00
         78 00 34 00
         34 00 2C 00
         30 00 2C 00
         37 00 39 00
         2C 00 00 00
         00 00      
00000625 88 00 00 00        		.dd LM26-_main
00000627 0D 00 0A 00        		.dw 0x0d,0x0a
00009B15                    	.code
                            	LM26:
00009B15 40 F0 EC 80        		call _SACM_DVR_Stop	// call without return value
00000629                    	.debug
00000629 2E 00 73 00        		.dw '.stabn 0x44,0,80,',0,0
         74 00 61 00
         62 00 6E 00
         20 00 30 00
         78 00 34 00
         34 00 2C 00
         30 00 2C 00
         38 00 30 00
         2C 00 00 00
         00 00      
0000063C 8A 00 00 00        		.dd LM27-_main
0000063E 0D 00 0A 00        		.dw 0x0d,0x0a
00009B17                    	.code
                            	LM27:
00009B17 0F 9F 1B 9B        		pc=L13	// Indirect jump
                            	L19:
00000640                    	.debug
00000640 2E 00 73 00        		.dw '.stabn 0x44,0,82,',0,0
         74 00 61 00
         62 00 6E 00
         20 00 30 00
         78 00 34 00
         34 00 2C 00
         30 00 2C 00
         38 00 32 00
         2C 00 00 00
         00 00      
00000653 8C 00 00 00        		.dd LM28-_main
00000655 0D 00 0A 00        		.dw 0x0d,0x0a
00009B19                    	.code
                            	LM28:
00009B19 0F 9F 1B 9B        		pc=L13	// Indirect jump
                            	L13:
00000657                    	.debug
00000657 2E 00 73 00        		.dw '.stabn 0x44,0,84,',0,0
         74 00 61 00
         62 00 6E 00
         20 00 30 00
         78 00 34 00
         34 00 2C 00
         30 00 2C 00
         38 00 34 00
         2C 00 00 00
         00 00      
0000066A 8E 00 00 00        		.dd LM29-_main
0000066C 0D 00 0A 00        		.dw 0x0d,0x0a
00009B1B                    	.code
                            	LM29:
00009B1B 40 92              		R1=0	// QImode move
00009B1C 19 D3 0E 06        		[_Status]=R1	// QImode move
0000066E                    	.debug
0000066E 2E 00 73 00        		.dw '.stabn 0x44,0,85,',0,0
         74 00 61 00
         62 00 6E 00
         20 00 30 00
         78 00 34 00
         34 00 2C 00
         30 00 2C 00
         38 00 35 00
         2C 00 00 00
         00 00      
00000681 91 00 00 00        		.dd LM30-_main
00000683 0D 00 0A 00        		.dw 0x0d,0x0a
00009B1E                    	.code
                            	LM30:
00009B1E 0F 9F 73 9B        		pc=L6	// Indirect jump
                            	L21:
00000685                    	.debug
00000685 2E 00 73 00        		.dw '.stabn 0x44,0,90,',0,0
         74 00 61 00
         62 00 6E 00
         20 00 30 00
         78 00 34 00
         34 00 2C 00
         30 00 2C 00
         39 00 30 00
         2C 00 00 00
         00 00      
00000698 93 00 00 00        		.dd LM31-_main
0000069A 0D 00 0A 00        		.dw 0x0d,0x0a
00009B20                    	.code
                            	LM31:
00009B20 40 F0 EC 80        		call _SACM_DVR_Stop	// call without return value
0000069C                    	.debug
0000069C 2E 00 73 00        		.dw '.stabn 0x44,0,91,',0,0
         74 00 61 00
         62 00 6E 00
         20 00 30 00
         78 00 34 00
         34 00 2C 00
         30 00 2C 00
         39 00 31 00
         2C 00 00 00
         00 00      
000006AF 95 00 00 00        		.dd LM32-_main
000006B1 0D 00 0A 00        		.dw 0x0d,0x0a
00009B22                    	.code
                            	LM32:
00009B22 11 93 0E 06        		R1=[_Status]	// QImode move
00009B24 41 42              		CMP R1,1	// QImode compare
00009B25 02 5E              		JZ L55	// QImode NE
00009B26 0F 9F 44 9B        		PC=L22
                            	L55:
000006B3                    	.debug
000006B3 2E 00 73 00        		.dw '.stabn 0x44,0,93,',0,0
         74 00 61 00
         62 00 6E 00
         20 00 30 00
         78 00 34 00
         34 00 2C 00
         30 00 2C 00
         39 00 33 00
         2C 00 00 00
         00 00      
000006C6 9B 00 00 00        		.dd LM33-_main
000006C8 0D 00 0A 00        		.dw 0x0d,0x0a
00009B28                    	.code
                            	LM33:
                            	L23:
00009B28 40 F0 19 81        		call _SACM_DVR_TestQueue	// call with return value
00009B2A 42 42              		CMP R1,2	// QImode compare
00009B2B 02 5E              		JZ L56	// QImode NE
00009B2C 0F 9F 30 9B        		PC=L25
                            	L56:
00009B2E 0F 9F 44 9B        		pc=L22	// Indirect jump
                            	L25:
000006CA                    	.debug
000006CA 2E 00 73 00        		.dw '.stabn 0x44,0,95,',0,0
         74 00 61 00
         62 00 6E 00
         20 00 30 00
         78 00 34 00
         34 00 2C 00
         30 00 2C 00
         39 00 35 00
         2C 00 00 00
         00 00      
000006DD A3 00 00 00        		.dd LM34-_main
000006DF 0D 00 0A 00        		.dw 0x0d,0x0a
00009B30                    	.code
                            	LM34:
                            	LBB6:
00009B30 40 F0 05 81        		call _SACM_DVR_FetchQueue	// call with return value
00009B32 19 D3 0F 06        		[_Ret]=R1	// QImode move
000006E1                    	.debug
000006E1 2E 00 73 00        		.dw '.stabn 0x44,0,96,',0,0
         74 00 61 00
         62 00 6E 00
         20 00 30 00
         78 00 34 00
         34 00 2C 00
         30 00 2C 00
         39 00 36 00
         2C 00 00 00
         00 00      
000006F4 A7 00 00 00        		.dd LM35-_main
000006F6 0D 00 0A 00        		.dw 0x0d,0x0a
00009B34                    	.code
                            	LM35:
00009B34 11 93 0F 06        		R1=[_Ret]	// QImode move
00009B36 C8 D2              		[SP--]=R1	// QImode move
00009B37 11 93 11 06        		R1=[_Addr]	// QImode move
00009B39 C8 D2              		[SP--]=R1	// QImode move
00009B3A 40 F0 3E 9C        		call _F_FlashWrite1Word	// call with return value
00009B3C 42 00              		SP=SP+2
000006F8                    	.debug
000006F8 2E 00 73 00        		.dw '.stabn 0x44,0,97,',0,0
         74 00 61 00
         62 00 6E 00
         20 00 30 00
         78 00 34 00
         34 00 2C 00
         30 00 2C 00
         39 00 37 00
         2C 00 00 00
         00 00      
0000070B B0 00 00 00        		.dd LM36-_main
0000070D 0D 00 0A 00        		.dw 0x0d,0x0a
00009B3D                    	.code
                            	LM36:
00009B3D 11 93 11 06        		R1=[_Addr]	// QImode move
00009B3F 41 94              		R2=1	// QImode move
00009B40 19 05 11 06        		[_Addr]=R1+R2
0000070F                    	.debug
0000070F 2E 00 73 00        		.dw '.stabn 0x44,0,98,',0,0
         74 00 61 00
         62 00 6E 00
         20 00 30 00
         78 00 34 00
         34 00 2C 00
         30 00 2C 00
         39 00 38 00
         2C 00 00 00
         00 00      
00000722 B5 00 00 00        		.dd LM37-_main
00000724 0D 00 0A 00        		.dw 0x0d,0x0a
00009B42                    	.code
                            	LM37:
                            	LBE6:
00009B42 0F 9F 28 9B        		pc=L23	// Indirect jump
                            	L24:
                            	L22:
00000726                    	.debug
00000726 2E 00 73 00        		.dw '.stabn 0x44,0,101,',0,0
         74 00 61 00
         62 00 6E 00
         20 00 30 00
         78 00 34 00
         34 00 2C 00
         30 00 2C 00
         31 00 30 00
         31 00 2C 00
         00 00 00 00
0000073A B7 00 00 00        		.dd LM38-_main
0000073C 0D 00 0A 00        		.dw 0x0d,0x0a
00009B44                    	.code
                            	LM38:
00009B44 42 92              		R1=2	// QImode move
00009B45 19 D3 0E 06        		[_Status]=R1	// QImode move
0000073E                    	.debug
0000073E 2E 00 73 00        		.dw '.stabn 0x44,0,102,',0,0
         74 00 61 00
         62 00 6E 00
         20 00 30 00
         78 00 34 00
         34 00 2C 00
         30 00 2C 00
         31 00 30 00
         32 00 2C 00
         00 00 00 00
00000752 BA 00 00 00        		.dd LM39-_main
00000754 0D 00 0A 00        		.dw 0x0d,0x0a
00009B47                    	.code
                            	LM39:
00009B47 09 63 00 60        		R1=(-24576)	// QImode move
00009B49 19 D3 11 06        		[_Addr]=R1	// QImode move
00000756                    	.debug
00000756 2E 00 73 00        		.dw '.stabn 0x44,0,103,',0,0
         74 00 61 00
         62 00 6E 00
         20 00 30 00
         78 00 34 00
         34 00 2C 00
         30 00 2C 00
         31 00 30 00
         33 00 2C 00
         00 00 00 00
0000076A BE 00 00 00        		.dd LM40-_main
0000076C 0D 00 0A 00        		.dw 0x0d,0x0a
00009B4B                    	.code
                            	LM40:
00009B4B 40 F0 00 81        		call _SACM_DVR_InitQueue	// call without return value
0000076E                    	.debug
0000076E 2E 00 73 00        		.dw '.stabn 0x44,0,104,',0,0
         74 00 61 00
         62 00 6E 00
         20 00 30 00
         78 00 34 00
         34 00 2C 00
         30 00 2C 00
         31 00 30 00
         34 00 2C 00
         00 00 00 00
00000782 C0 00 00 00        		.dd LM41-_main
00000784 0D 00 0A 00        		.dw 0x0d,0x0a
00009B4D                    	.code
                            	LM41:
                            	L26:
00009B4D 40 F0 19 81        		call _SACM_DVR_TestQueue	// call with return value
00009B4F 41 42              		CMP R1,1	// QImode compare
00009B50 02 5E              		JZ L57	// QImode NE
00009B51 0F 9F 55 9B        		PC=L28
                            	L57:
00009B53 0F 9F 6A 9B        		pc=L27	// Indirect jump
                            	L28:
00000786                    	.debug
00000786 2E 00 73 00        		.dw '.stabn 0x44,0,106,',0,0
         74 00 61 00
         62 00 6E 00
         20 00 30 00
         78 00 34 00
         34 00 2C 00
         30 00 2C 00
         31 00 30 00
         36 00 2C 00
         00 00 00 00
0000079A C8 00 00 00        		.dd LM42-_main
0000079C 0D 00 0A 00        		.dw 0x0d,0x0a
00009B55                    	.code
                            	LM42:
                            	LBB7:
00009B55 11 93 11 06        		R1=[_Addr]	// QImode move
00009B57 C8 D2              		[SP--]=R1	// QImode move
00009B58 40 F0 73 9C        		call _F_FlashRead	// call with return value
00009B5A 41 00              		SP=SP+1
00009B5B 19 D3 0F 06        		[_Ret]=R1	// QImode move
0000079E                    	.debug
0000079E 2E 00 73 00        		.dw '.stabn 0x44,0,107,',0,0
         74 00 61 00
         62 00 6E 00
         20 00 30 00
         78 00 34 00
         34 00 2C 00
         30 00 2C 00
         31 00 30 00
         37 00 2C 00
         00 00 00 00
000007B2 D0 00 00 00        		.dd LM43-_main
000007B4 0D 00 0A 00        		.dw 0x0d,0x0a
00009B5D                    	.code
                            	LM43:
00009B5D 11 93 0F 06        		R1=[_Ret]	// QImode move
00009B5F C8 D2              		[SP--]=R1	// QImode move
00009B60 40 F0 0F 81        		call _SACM_DVR_FillQueue	// call without return value
00009B62 41 00              		SP=SP+1
000007B6                    	.debug
000007B6 2E 00 73 00        		.dw '.stabn 0x44,0,108,',0,0
         74 00 61 00
         62 00 6E 00
         20 00 30 00
         78 00 34 00
         34 00 2C 00
         30 00 2C 00
         31 00 30 00
         38 00 2C 00
         00 00 00 00
000007CA D6 00 00 00        		.dd LM44-_main
000007CC 0D 00 0A 00        		.dw 0x0d,0x0a
00009B63                    	.code
                            	LM44:
00009B63 11 93 11 06        		R1=[_Addr]	// QImode move
00009B65 41 94              		R2=1	// QImode move
00009B66 19 05 11 06        		[_Addr]=R1+R2
000007CE                    	.debug
000007CE 2E 00 73 00        		.dw '.stabn 0x44,0,109,',0,0
         74 00 61 00
         62 00 6E 00
         20 00 30 00
         78 00 34 00
         34 00 2C 00
         30 00 2C 00
         31 00 30 00
         39 00 2C 00
         00 00 00 00
000007E2 DB 00 00 00        		.dd LM45-_main
000007E4 0D 00 0A 00        		.dw 0x0d,0x0a
00009B68                    	.code
                            	LM45:
                            	LBE7:
00009B68 0F 9F 4D 9B        		pc=L26	// Indirect jump
                            	L27:
000007E6                    	.debug
000007E6 2E 00 73 00        		.dw '.stabn 0x44,0,110,',0,0
         74 00 61 00
         62 00 6E 00
         20 00 30 00
         78 00 34 00
         34 00 2C 00
         30 00 2C 00
         31 00 31 00
         30 00 2C 00
         00 00 00 00
000007FA DD 00 00 00        		.dd LM46-_main
000007FC 0D 00 0A 00        		.dw 0x0d,0x0a
00009B6A                    	.code
                            	LM46:
00009B6A 43 92              		R1=3	// QImode move
00009B6B C8 D2              		[SP--]=R1	// QImode move
00009B6C 40 F0 B1 80        		call _SACM_DVR_InitDecoder	// call without return value
00009B6E 41 00              		SP=SP+1
000007FE                    	.debug
000007FE 2E 00 73 00        		.dw '.stabn 0x44,0,111,',0,0
         74 00 61 00
         62 00 6E 00
         20 00 30 00
         78 00 34 00
         34 00 2C 00
         30 00 2C 00
         31 00 31 00
         31 00 2C 00
         00 00 00 00
00000812 E2 00 00 00        		.dd LM47-_main
00000814 0D 00 0A 00        		.dw 0x0d,0x0a
00009B6F                    	.code
                            	LM47:
00009B6F 0F 9F 73 9B        		pc=L6	// Indirect jump
                            	L29:
00000816                    	.debug
00000816 2E 00 73 00        		.dw '.stabn 0x44,0,113,',0,0
         74 00 61 00
         62 00 6E 00
         20 00 30 00
         78 00 34 00
         34 00 2C 00
         30 00 2C 00
         31 00 31 00
         33 00 2C 00
         00 00 00 00
0000082A E4 00 00 00        		.dd LM48-_main
0000082C 0D 00 0A 00        		.dw 0x0d,0x0a
00009B71                    	.code
                            	LM48:
00009B71 0F 9F 73 9B        		pc=L6	// Indirect jump
                            	L6:
0000082E                    	.debug
0000082E 2E 00 73 00        		.dw '.stabn 0x44,0,117,',0,0
         74 00 61 00
         62 00 6E 00
         20 00 30 00
         78 00 34 00
         34 00 2C 00
         30 00 2C 00
         31 00 31 00
         37 00 2C 00
         00 00 00 00
00000842 E6 00 00 00        		.dd LM49-_main
00000844 0D 00 0A 00        		.dw 0x0d,0x0a
00009B73                    	.code
                            	LM49:
00009B73 11 93 0E 06        		R1=[_Status]	// QImode move
00009B75 41 42              		CMP R1,1	// QImode compare
00009B76 02 4E              		JNZ L58	// QImode EQ
00009B77 0F 9F 83 9B        		PC=L33
                            	L58:
00009B79 41 42              		CMP R1,1	// QImode compare
00009B7A 02 1E              		JNB L59	// QImode LTU
00009B7B 0F 9F F5 9B        		PC=L44
                            	L59:
00009B7D 42 42              		CMP R1,2	// QImode compare
00009B7E 02 4E              		JNZ L60	// QImode EQ
00009B7F 0F 9F C9 9B        		PC=L40
                            	L60:
00009B81 0F 9F F7 9B        		pc=L45	// Indirect jump
00000846                    	.debug
00000846 2E 00 73 00        		.dw '.stabn 0x44,0,119,',0,0
         74 00 61 00
         62 00 6E 00
         20 00 30 00
         78 00 34 00
         34 00 2C 00
         30 00 2C 00
         31 00 31 00
         39 00 2C 00
         00 00 00 00
0000085A F6 00 00 00        		.dd LM50-_main
0000085C 0D 00 0A 00        		.dw 0x0d,0x0a
00009B83                    	.code
                            	LM50:
                            	LBB8:
                            	L33:
0000085E                    	.debug
0000085E 2E 00 73 00        		.dw '.stabn 0x44,0,122,',0,0
         74 00 61 00
         62 00 6E 00
         20 00 30 00
         78 00 34 00
         34 00 2C 00
         30 00 2C 00
         31 00 32 00
         32 00 2C 00
         00 00 00 00
00000872 F6 00 00 00        		.dd LM51-_main
00000874 0D 00 0A 00        		.dw 0x0d,0x0a
00009B83                    	.code
                            	LM51:
00009B83 11 93 11 06        		R1=[_Addr]	// QImode move
00009B85 09 43 FF EF        		CMP R1,(-4097)	// QImode compare
00009B87 02 8E              		JNA L61	// QImode GTU
00009B88 0F 9F A6 9B        		PC=L34
                            	L61:
00000876                    	.debug
00000876 2E 00 73 00        		.dw '.stabn 0x44,0,124,',0,0
         74 00 61 00
         62 00 6E 00
         20 00 30 00
         78 00 34 00
         34 00 2C 00
         30 00 2C 00
         31 00 32 00
         34 00 2C 00
         00 00 00 00
0000088A FD 00 00 00        		.dd LM52-_main
0000088C 0D 00 0A 00        		.dw 0x0d,0x0a
00009B8A                    	.code
                            	LM52:
                            	LBB9:
00009B8A 40 F0 8F 80        		call _SACM_DVR_Encode	// call with return value
0000088E                    	.debug
0000088E 2E 00 73 00        		.dw '.stabn 0x44,0,125,',0,0
         74 00 61 00
         62 00 6E 00
         20 00 30 00
         78 00 34 00
         34 00 2C 00
         30 00 2C 00
         31 00 32 00
         35 00 2C 00
         00 00 00 00
000008A2 FF 00 00 00        		.dd LM53-_main
000008A4 0D 00 0A 00        		.dw 0x0d,0x0a
00009B8C                    	.code
                            	LM53:
00009B8C 40 F0 19 81        		call _SACM_DVR_TestQueue	// call with return value
00009B8E 42 42              		CMP R1,2	// QImode compare
00009B8F 02 4E              		JNZ L62	// QImode EQ
00009B90 0F 9F A4 9B        		PC=L35
                            	L62:
000008A6                    	.debug
000008A6 2E 00 73 00        		.dw '.stabn 0x44,0,127,',0,0
         74 00 61 00
         62 00 6E 00
         20 00 30 00
         78 00 34 00
         34 00 2C 00
         30 00 2C 00
         31 00 32 00
         37 00 2C 00
         00 00 00 00
000008BA 05 01 00 00        		.dd LM54-_main
000008BC 0D 00 0A 00        		.dw 0x0d,0x0a
00009B92                    	.code
                            	LM54:
                            	LBB10:
00009B92 40 F0 05 81        		call _SACM_DVR_FetchQueue	// call with return value
00009B94 19 D3 0F 06        		[_Ret]=R1	// QImode move
000008BE                    	.debug
000008BE 2E 00 73 00        		.dw '.stabn 0x44,0,128,',0,0
         74 00 61 00
         62 00 6E 00
         20 00 30 00
         78 00 34 00
         34 00 2C 00
         30 00 2C 00
         31 00 32 00
         38 00 2C 00
         00 00 00 00
000008D2 09 01 00 00        		.dd LM55-_main
000008D4 0D 00 0A 00        		.dw 0x0d,0x0a
00009B96                    	.code
                            	LM55:
00009B96 11 93 0F 06        		R1=[_Ret]	// QImode move
00009B98 C8 D2              		[SP--]=R1	// QImode move
00009B99 11 93 11 06        		R1=[_Addr]	// QImode move
00009B9B C8 D2              		[SP--]=R1	// QImode move
00009B9C 40 F0 3E 9C        		call _F_FlashWrite1Word	// call with return value
00009B9E 42 00              		SP=SP+2
000008D6                    	.debug
000008D6 2E 00 73 00        		.dw '.stabn 0x44,0,130,',0,0
         74 00 61 00
         62 00 6E 00
         20 00 30 00
         78 00 34 00
         34 00 2C 00
         30 00 2C 00
         31 00 33 00
         30 00 2C 00
         00 00 00 00
000008EA 12 01 00 00        		.dd LM56-_main
000008EC 0D 00 0A 00        		.dw 0x0d,0x0a
00009B9F                    	.code
                            	LM56:
00009B9F 11 93 11 06        		R1=[_Addr]	// QImode move
00009BA1 41 94              		R2=1	// QImode move
00009BA2 19 05 11 06        		[_Addr]=R1+R2
000008EE                    	.debug
000008EE 2E 00 73 00        		.dw '.stabn 0x44,0,131,',0,0
         74 00 61 00
         62 00 6E 00
         20 00 30 00
         78 00 34 00
         34 00 2C 00
         30 00 2C 00
         31 00 33 00
         31 00 2C 00
         00 00 00 00
00000902 17 01 00 00        		.dd LM57-_main
00000904 0D 00 0A 00        		.dw 0x0d,0x0a
00009BA4                    	.code
                            	LM57:
                            	LBE10:
                            	L35:
00000906                    	.debug
00000906 2E 00 73 00        		.dw '.stabn 0x44,0,132,',0,0
         74 00 61 00
         62 00 6E 00
         20 00 30 00
         78 00 34 00
         34 00 2C 00
         30 00 2C 00
         31 00 33 00
         32 00 2C 00
         00 00 00 00
0000091A 17 01 00 00        		.dd LM58-_main
0000091C 0D 00 0A 00        		.dw 0x0d,0x0a
00009BA4                    	.code
                            	LM58:
                            	LBE9:
00009BA4 0F 9F C7 9B        		pc=L36	// Indirect jump
                            	L34:
0000091E                    	.debug
0000091E 2E 00 73 00        		.dw '.stabn 0x44,0,135,',0,0
         74 00 61 00
         62 00 6E 00
         20 00 30 00
         78 00 34 00
         34 00 2C 00
         30 00 2C 00
         31 00 33 00
         35 00 2C 00
         00 00 00 00
00000932 19 01 00 00        		.dd LM59-_main
00000934 0D 00 0A 00        		.dw 0x0d,0x0a
00009BA6                    	.code
                            	LM59:
00009BA6 40 F0 EC 80        		call _SACM_DVR_Stop	// call without return value
00000936                    	.debug
00000936 2E 00 73 00        		.dw '.stabn 0x44,0,136,',0,0
         74 00 61 00
         62 00 6E 00
         20 00 30 00
         78 00 34 00
         34 00 2C 00
         30 00 2C 00
         31 00 33 00
         36 00 2C 00
         00 00 00 00
0000094A 1B 01 00 00        		.dd LM60-_main
0000094C 0D 00 0A 00        		.dw 0x0d,0x0a
00009BA8                    	.code
                            	LM60:
                            	L37:
00009BA8 40 F0 19 81        		call _SACM_DVR_TestQueue	// call with return value
00009BAA 42 42              		CMP R1,2	// QImode compare
00009BAB 02 5E              		JZ L63	// QImode NE
00009BAC 0F 9F B0 9B        		PC=L39
                            	L63:
00009BAE 0F 9F C4 9B        		pc=L38	// Indirect jump
                            	L39:
0000094E                    	.debug
0000094E 2E 00 73 00        		.dw '.stabn 0x44,0,138,',0,0
         74 00 61 00
         62 00 6E 00
         20 00 30 00
         78 00 34 00
         34 00 2C 00
         30 00 2C 00
         31 00 33 00
         38 00 2C 00
         00 00 00 00
00000962 23 01 00 00        		.dd LM61-_main
00000964 0D 00 0A 00        		.dw 0x0d,0x0a
00009BB0                    	.code
                            	LM61:
                            	LBB11:
00009BB0 40 F0 05 81        		call _SACM_DVR_FetchQueue	// call with return value
00009BB2 19 D3 0F 06        		[_Ret]=R1	// QImode move
00000966                    	.debug
00000966 2E 00 73 00        		.dw '.stabn 0x44,0,139,',0,0
         74 00 61 00
         62 00 6E 00
         20 00 30 00
         78 00 34 00
         34 00 2C 00
         30 00 2C 00
         31 00 33 00
         39 00 2C 00
         00 00 00 00
0000097A 27 01 00 00        		.dd LM62-_main
0000097C 0D 00 0A 00        		.dw 0x0d,0x0a
00009BB4                    	.code
                            	LM62:
00009BB4 11 93 0F 06        		R1=[_Ret]	// QImode move
00009BB6 C8 D2              		[SP--]=R1	// QImode move
00009BB7 11 93 11 06        		R1=[_Addr]	// QImode move
00009BB9 C8 D2              		[SP--]=R1	// QImode move
00009BBA 40 F0 3E 9C        		call _F_FlashWrite1Word	// call with return value
00009BBC 42 00              		SP=SP+2
0000097E                    	.debug
0000097E 2E 00 73 00        		.dw '.stabn 0x44,0,140,',0,0
         74 00 61 00
         62 00 6E 00
         20 00 30 00
         78 00 34 00
         34 00 2C 00
         30 00 2C 00
         31 00 34 00
         30 00 2C 00
         00 00 00 00
00000992 30 01 00 00        		.dd LM63-_main
00000994 0D 00 0A 00        		.dw 0x0d,0x0a
00009BBD                    	.code
                            	LM63:
00009BBD 11 93 11 06        		R1=[_Addr]	// QImode move
00009BBF 41 94              		R2=1	// QImode move
00009BC0 19 05 11 06        		[_Addr]=R1+R2
00000996                    	.debug
00000996 2E 00 73 00        		.dw '.stabn 0x44,0,141,',0,0
         74 00 61 00
         62 00 6E 00
         20 00 30 00
         78 00 34 00
         34 00 2C 00
         30 00 2C 00
         31 00 34 00
         31 00 2C 00
         00 00 00 00
000009AA 35 01 00 00        		.dd LM64-_main
000009AC 0D 00 0A 00        		.dw 0x0d,0x0a
00009BC2                    	.code
                            	LM64:
                            	LBE11:
00009BC2 0F 9F A8 9B        		pc=L37	// Indirect jump
                            	L38:
000009AE                    	.debug
000009AE 2E 00 73 00        		.dw '.stabn 0x44,0,142,',0,0
         74 00 61 00
         62 00 6E 00
         20 00 30 00
         78 00 34 00
         34 00 2C 00
         30 00 2C 00
         31 00 34 00
         32 00 2C 00
         00 00 00 00
000009C2 37 01 00 00        		.dd LM65-_main
000009C4 0D 00 0A 00        		.dw 0x0d,0x0a
00009BC4                    	.code
                            	LM65:
00009BC4 40 92              		R1=0	// QImode move
00009BC5 19 D3 0E 06        		[_Status]=R1	// QImode move
                            	L36:
000009C6                    	.debug
000009C6 2E 00 73 00        		.dw '.stabn 0x44,0,144,',0,0
         74 00 61 00
         62 00 6E 00
         20 00 30 00
         78 00 34 00
         34 00 2C 00
         30 00 2C 00
         31 00 34 00
         34 00 2C 00
         00 00 00 00
000009DA 3A 01 00 00        		.dd LM66-_main
000009DC 0D 00 0A 00        		.dw 0x0d,0x0a
00009BC7                    	.code
                            	LM66:
00009BC7 0F 9F F9 9B        		pc=L32	// Indirect jump
                            	L40:
000009DE                    	.debug
000009DE 2E 00 73 00        		.dw '.stabn 0x44,0,149,',0,0
         74 00 61 00
         62 00 6E 00
         20 00 30 00
         78 00 34 00
         34 00 2C 00
         30 00 2C 00
         31 00 34 00
         39 00 2C 00
         00 00 00 00
000009F2 3C 01 00 00        		.dd LM67-_main
000009F4 0D 00 0A 00        		.dw 0x0d,0x0a
00009BC9                    	.code
                            	LM67:
00009BC9 40 F0 FD 80        		call _SACM_DVR_Status	// call with return value
00009BCB 09 B5 01 00        		R2=R1&1
00009BCD 40 44              		CMP R2,0	// QImode test
00009BCE 02 4E              		JNZ L64	// QImode EQ
00009BCF 0F 9F EC 9B        		PC=L41
                            	L64:
000009F6                    	.debug
000009F6 2E 00 73 00        		.dw '.stabn 0x44,0,151,',0,0
         74 00 61 00
         62 00 6E 00
         20 00 30 00
         78 00 34 00
         34 00 2C 00
         30 00 2C 00
         31 00 35 00
         31 00 2C 00
         00 00 00 00
00000A0A 44 01 00 00        		.dd LM68-_main
00000A0C 0D 00 0A 00        		.dw 0x0d,0x0a
00009BD1                    	.code
                            	LM68:
00009BD1 40 F0 19 81        		call _SACM_DVR_TestQueue	// call with return value
00009BD3 41 42              		CMP R1,1	// QImode compare
00009BD4 02 4E              		JNZ L65	// QImode EQ
00009BD5 0F 9F EA 9B        		PC=L42
                            	L65:
00000A0E                    	.debug
00000A0E 2E 00 73 00        		.dw '.stabn 0x44,0,153,',0,0
         74 00 61 00
         62 00 6E 00
         20 00 30 00
         78 00 34 00
         34 00 2C 00
         30 00 2C 00
         31 00 35 00
         33 00 2C 00
         00 00 00 00
00000A22 4A 01 00 00        		.dd LM69-_main
00000A24 0D 00 0A 00        		.dw 0x0d,0x0a
00009BD7                    	.code
                            	LM69:
                            	LBB12:
00009BD7 11 93 11 06        		R1=[_Addr]	// QImode move
00009BD9 C8 D2              		[SP--]=R1	// QImode move
00009BDA 40 F0 73 9C        		call _F_FlashRead	// call with return value
00009BDC 41 00              		SP=SP+1
00009BDD 19 D3 0F 06        		[_Ret]=R1	// QImode move
00000A26                    	.debug
00000A26 2E 00 73 00        		.dw '.stabn 0x44,0,154,',0,0
         74 00 61 00
         62 00 6E 00
         20 00 30 00
         78 00 34 00
         34 00 2C 00
         30 00 2C 00
         31 00 35 00
         34 00 2C 00
         00 00 00 00
00000A3A 52 01 00 00        		.dd LM70-_main
00000A3C 0D 00 0A 00        		.dw 0x0d,0x0a
00009BDF                    	.code
                            	LM70:
00009BDF 11 93 0F 06        		R1=[_Ret]	// QImode move
00009BE1 C8 D2              		[SP--]=R1	// QImode move
00009BE2 40 F0 0F 81        		call _SACM_DVR_FillQueue	// call without return value
00009BE4 41 00              		SP=SP+1
00000A3E                    	.debug
00000A3E 2E 00 73 00        		.dw '.stabn 0x44,0,155,',0,0
         74 00 61 00
         62 00 6E 00
         20 00 30 00
         78 00 34 00
         34 00 2C 00
         30 00 2C 00
         31 00 35 00
         35 00 2C 00
         00 00 00 00
00000A52 58 01 00 00        		.dd LM71-_main
00000A54 0D 00 0A 00        		.dw 0x0d,0x0a
00009BE5                    	.code
                            	LM71:
00009BE5 11 93 11 06        		R1=[_Addr]	// QImode move
00009BE7 41 94              		R2=1	// QImode move
00009BE8 19 05 11 06        		[_Addr]=R1+R2
00000A56                    	.debug
00000A56 2E 00 73 00        		.dw '.stabn 0x44,0,156,',0,0
         74 00 61 00
         62 00 6E 00
         20 00 30 00
         78 00 34 00
         34 00 2C 00
         30 00 2C 00
         31 00 35 00
         36 00 2C 00
         00 00 00 00
00000A6A 5D 01 00 00        		.dd LM72-_main
00000A6C 0D 00 0A 00        		.dw 0x0d,0x0a
00009BEA                    	.code
                            	LM72:
                            	LBE12:
                            	L42:
00000A6E                    	.debug
00000A6E 2E 00 73 00        		.dw '.stabn 0x44,0,157,',0,0
         74 00 61 00
         62 00 6E 00
         20 00 30 00
         78 00 34 00
         34 00 2C 00
         30 00 2C 00
         31 00 35 00
         37 00 2C 00
         00 00 00 00
00000A82 5D 01 00 00        		.dd LM73-_main
00000A84 0D 00 0A 00        		.dw 0x0d,0x0a
00009BEA                    	.code
                            	LM73:
00009BEA 0F 9F F1 9B        		pc=L43	// Indirect jump
                            	L41:
00000A86                    	.debug
00000A86 2E 00 73 00        		.dw '.stabn 0x44,0,160,',0,0
         74 00 61 00
         62 00 6E 00
         20 00 30 00
         78 00 34 00
         34 00 2C 00
         30 00 2C 00
         31 00 36 00
         30 00 2C 00
         00 00 00 00
00000A9A 5F 01 00 00        		.dd LM74-_main
00000A9C 0D 00 0A 00        		.dw 0x0d,0x0a
00009BEC                    	.code
                            	LM74:
00009BEC 40 F0 EC 80        		call _SACM_DVR_Stop	// call without return value
00000A9E                    	.debug
00000A9E 2E 00 73 00        		.dw '.stabn 0x44,0,161,',0,0
         74 00 61 00
         62 00 6E 00
         20 00 30 00
         78 00 34 00
         34 00 2C 00
         30 00 2C 00
         31 00 36 00
         31 00 2C 00
         00 00 00 00
00000AB2 61 01 00 00        		.dd LM75-_main
00000AB4 0D 00 0A 00        		.dw 0x0d,0x0a
00009BEE                    	.code
                            	LM75:
00009BEE 40 92              		R1=0	// QImode move
00009BEF 19 D3 0E 06        		[_Status]=R1	// QImode move
                            	L43:
00000AB6                    	.debug
00000AB6 2E 00 73 00        		.dw '.stabn 0x44,0,165,',0,0
         74 00 61 00
         62 00 6E 00
         20 00 30 00
         78 00 34 00
         34 00 2C 00
         30 00 2C 00
         31 00 36 00
         35 00 2C 00
         00 00 00 00
00000ACA 64 01 00 00        		.dd LM76-_main
00000ACC 0D 00 0A 00        		.dw 0x0d,0x0a
00009BF1                    	.code
                            	LM76:
00009BF1 40 F0 8A 80        		call _SACM_DVR_Decode	// call with return value
00000ACE                    	.debug
00000ACE 2E 00 73 00        		.dw '.stabn 0x44,0,166,',0,0
         74 00 61 00
         62 00 6E 00
         20 00 30 00
         78 00 34 00
         34 00 2C 00
         30 00 2C 00
         31 00 36 00
         36 00 2C 00
         00 00 00 00
00000AE2 66 01 00 00        		.dd LM77-_main
00000AE4 0D 00 0A 00        		.dw 0x0d,0x0a
00009BF3                    	.code
                            	LM77:
00009BF3 0F 9F F9 9B        		pc=L32	// Indirect jump
                            	L44:
00000AE6                    	.debug
00000AE6 2E 00 73 00        		.dw '.stabn 0x44,0,169,',0,0
         74 00 61 00
         62 00 6E 00
         20 00 30 00
         78 00 34 00
         34 00 2C 00
         30 00 2C 00
         31 00 36 00
         39 00 2C 00
         00 00 00 00
00000AFA 68 01 00 00        		.dd LM78-_main
00000AFC 0D 00 0A 00        		.dw 0x0d,0x0a
00009BF5                    	.code
                            	LM78:
00009BF5 0F 9F F9 9B        		pc=L32	// Indirect jump
                            	L45:
00000AFE                    	.debug
00000AFE 2E 00 73 00        		.dw '.stabn 0x44,0,171,',0,0
         74 00 61 00
         62 00 6E 00
         20 00 30 00
         78 00 34 00
         34 00 2C 00
         30 00 2C 00
         31 00 37 00
         31 00 2C 00
         00 00 00 00
00000B12 6A 01 00 00        		.dd LM79-_main
00000B14 0D 00 0A 00        		.dw 0x0d,0x0a
00009BF7                    	.code
                            	LM79:
00009BF7 0F 9F F9 9B        		pc=L32	// Indirect jump
00000B16                    	.debug
00000B16 2E 00 73 00        		.dw '.stabn 0x44,0,172,',0,0
         74 00 61 00
         62 00 6E 00
         20 00 30 00
         78 00 34 00
         34 00 2C 00
         30 00 2C 00
         31 00 37 00
         32 00 2C 00
         00 00 00 00
00000B2A 6C 01 00 00        		.dd LM80-_main
00000B2C 0D 00 0A 00        		.dw 0x0d,0x0a
00009BF9                    	.code
                            	LM80:
                            	LBE8:
                            	L32:
00000B2E                    	.debug
00000B2E 2E 00 73 00        		.dw '.stabn 0x44,0,173,',0,0
         74 00 61 00
         62 00 6E 00
         20 00 30 00
         78 00 34 00
         34 00 2C 00
         30 00 2C 00
         31 00 37 00
         33 00 2C 00
         00 00 00 00
00000B42 6C 01 00 00        		.dd LM81-_main
00000B44 0D 00 0A 00        		.dw 0x0d,0x0a
00009BF9                    	.code
                            	LM81:
00009BF9 40 F0 88 9C        		call _System_ServiceLoop	// call with return value
00000B46                    	.debug
00000B46 2E 00 73 00        		.dw '.stabn 0x44,0,174,',0,0
         74 00 61 00
         62 00 6E 00
         20 00 30 00
         78 00 34 00
         34 00 2C 00
         30 00 2C 00
         31 00 37 00
         34 00 2C 00
         00 00 00 00
00000B5A 6E 01 00 00        		.dd LM82-_main
00000B5C 0D 00 0A 00        		.dw 0x0d,0x0a
00009BFB                    	.code
                            	LM82:
                            	LBE3:
00009BFB 0F 9F 9E 9A        		pc=L3	// Indirect jump
                            	L4:
00000B5E                    	.debug
00000B5E 2E 00 73 00        		.dw '.stabn 0x44,0,175,',0,0
         74 00 61 00
         62 00 6E 00
         20 00 30 00
         78 00 34 00
         34 00 2C 00
         30 00 2C 00
         31 00 37 00
         35 00 2C 00
         00 00 00 00
00000B72 70 01 00 00        		.dd LM83-_main
00000B74 0D 00 0A 00        		.dw 0x0d,0x0a
00009BFD                    	.code
                            	LM83:
                            	LBE2:
00000B76                    	.debug
00000B76 2E 00 73 00        		.dw '.stabn 0x44,0,175,',0,0
         74 00 61 00
         62 00 6E 00
         20 00 30 00
         78 00 34 00
         34 00 2C 00
         30 00 2C 00
         31 00 37 00
         35 00 2C 00
         00 00 00 00
00000B8A 70 01 00 00        		.dd LM84-_main
00000B8C 0D 00 0A 00        		.dw 0x0d,0x0a
00009BFD                    	.code
                            	LM84:
                            	L2:
                            	
00009BFD 41 00              		sp+=1
00009BFE 88 98              		pop bp from [sp]
00009BFF 90 9A              		retf
                            		.endp	// end of main
                            	
00000B8E                    	.debug
00000B8E 2E 00 73 00        		.dw '.stabn 0xc0,0,0,',0,0
         74 00 61 00
         62 00 6E 00
         20 00 30 00
         78 00 63 00
         30 00 2C 00
         30 00 2C 00
         30 00 2C 00
         00 00 00 00
00000BA0 07 00 00 00        		.dd LBB2-_main
00000BA2 0D 00 0A 00        		.dw 0x0d,0x0a
00009C00                    	.code
00000BA4                    	.debug
00000BA4 2E 00 73 00        		.dw '.stabn 0xc0,0,0,',0,0
         74 00 61 00
         62 00 6E 00
         20 00 30 00
         78 00 63 00
         30 00 2C 00
         30 00 2C 00
         30 00 2C 00
         00 00 00 00
00000BB6 15 00 00 00        		.dd LBB3-_main
00000BB8 0D 00 0A 00        		.dw 0x0d,0x0a
00009C00                    	.code
00000BBA                    	.debug
00000BBA 2E 00 73 00        		.dw '.stabn 0xc0,0,0,',0,0
         74 00 61 00
         62 00 6E 00
         20 00 30 00
         78 00 63 00
         30 00 2C 00
         30 00 2C 00
         30 00 2C 00
         00 00 00 00
00000BCC 3C 00 00 00        		.dd LBB4-_main
00000BCE 0D 00 0A 00        		.dw 0x0d,0x0a
00009C00                    	.code
00000BD0                    	.debug
00000BD0 2E 00 73 00        		.dw '.stabn 0xe0,0,0,',0,0
         74 00 61 00
         62 00 6E 00
         20 00 30 00
         78 00 65 00
         30 00 2C 00
         30 00 2C 00
         30 00 2C 00
         00 00 00 00
00000BE2 44 00 00 00        		.dd LBE4-_main
00000BE4 0D 00 0A 00        		.dw 0x0d,0x0a
00009C00                    	.code
00000BE6                    	.debug
00000BE6 2E 00 73 00        		.dw '.stabn 0xc0,0,0,',0,0
         74 00 61 00
         62 00 6E 00
         20 00 30 00
         78 00 63 00
         30 00 2C 00
         30 00 2C 00
         30 00 2C 00
         00 00 00 00
00000BF8 72 00 00 00        		.dd LBB5-_main
00000BFA 0D 00 0A 00        		.dw 0x0d,0x0a
00009C00                    	.code
00000BFC                    	.debug
00000BFC 2E 00 73 00        		.dw '.stabn 0xe0,0,0,',0,0
         74 00 61 00
         62 00 6E 00
         20 00 30 00
         78 00 65 00
         30 00 2C 00
         30 00 2C 00
         30 00 2C 00
         00 00 00 00
00000C0E 84 00 00 00        		.dd LBE5-_main
00000C10 0D 00 0A 00        		.dw 0x0d,0x0a
00009C00                    	.code
00000C12                    	.debug
00000C12 2E 00 73 00        		.dw '.stabn 0xc0,0,0,',0,0
         74 00 61 00
         62 00 6E 00
         20 00 30 00
         78 00 63 00
         30 00 2C 00
         30 00 2C 00
         30 00 2C 00
         00 00 00 00
00000C24 A3 00 00 00        		.dd LBB6-_main
00000C26 0D 00 0A 00        		.dw 0x0d,0x0a
00009C00                    	.code
00000C28                    	.debug
00000C28 2E 00 73 00        		.dw '.stabn 0xe0,0,0,',0,0
         74 00 61 00
         62 00 6E 00
         20 00 30 00
         78 00 65 00
         30 00 2C 00
         30 00 2C 00
         30 00 2C 00
         00 00 00 00
00000C3A B5 00 00 00        		.dd LBE6-_main
00000C3C 0D 00 0A 00        		.dw 0x0d,0x0a
00009C00                    	.code
00000C3E                    	.debug
00000C3E 2E 00 73 00        		.dw '.stabn 0xc0,0,0,',0,0
         74 00 61 00
         62 00 6E 00
         20 00 30 00
         78 00 63 00
         30 00 2C 00
         30 00 2C 00
         30 00 2C 00
         00 00 00 00
00000C50 C8 00 00 00        		.dd LBB7-_main
00000C52 0D 00 0A 00        		.dw 0x0d,0x0a
00009C00                    	.code
00000C54                    	.debug
00000C54 2E 00 73 00        		.dw '.stabn 0xe0,0,0,',0,0
         74 00 61 00
         62 00 6E 00
         20 00 30 00
         78 00 65 00
         30 00 2C 00
         30 00 2C 00
         30 00 2C 00
         00 00 00 00
00000C66 DB 00 00 00        		.dd LBE7-_main
00000C68 0D 00 0A 00        		.dw 0x0d,0x0a
00009C00                    	.code
00000C6A                    	.debug
00000C6A 2E 00 73 00        		.dw '.stabn 0xc0,0,0,',0,0
         74 00 61 00
         62 00 6E 00
         20 00 30 00
         78 00 63 00
         30 00 2C 00
         30 00 2C 00
         30 00 2C 00
         00 00 00 00
00000C7C F6 00 00 00        		.dd LBB8-_main
00000C7E 0D 00 0A 00        		.dw 0x0d,0x0a
00009C00                    	.code
00000C80                    	.debug
00000C80 2E 00 73 00        		.dw '.stabn 0xc0,0,0,',0,0
         74 00 61 00
         62 00 6E 00
         20 00 30 00
         78 00 63 00
         30 00 2C 00
         30 00 2C 00
         30 00 2C 00
         00 00 00 00
00000C92 FD 00 00 00        		.dd LBB9-_main
00000C94 0D 00 0A 00        		.dw 0x0d,0x0a
00009C00                    	.code
00000C96                    	.debug
00000C96 2E 00 73 00        		.dw '.stabn 0xc0,0,0,',0,0
         74 00 61 00
         62 00 6E 00
         20 00 30 00
         78 00 63 00
         30 00 2C 00
         30 00 2C 00
         30 00 2C 00
         00 00 00 00
00000CA8 05 01 00 00        		.dd LBB10-_main
00000CAA 0D 00 0A 00        		.dw 0x0d,0x0a
00009C00                    	.code
00000CAC                    	.debug
00000CAC 2E 00 73 00        		.dw '.stabn 0xe0,0,0,',0,0
         74 00 61 00
         62 00 6E 00
         20 00 30 00
         78 00 65 00
         30 00 2C 00
         30 00 2C 00
         30 00 2C 00
         00 00 00 00
00000CBE 17 01 00 00        		.dd LBE10-_main
00000CC0 0D 00 0A 00        		.dw 0x0d,0x0a
00009C00                    	.code
00000CC2                    	.debug
00000CC2 2E 00 73 00        		.dw '.stabn 0xe0,0,0,',0,0
         74 00 61 00
         62 00 6E 00
         20 00 30 00
         78 00 65 00
         30 00 2C 00
         30 00 2C 00
         30 00 2C 00
         00 00 00 00
00000CD4 17 01 00 00        		.dd LBE9-_main
00000CD6 0D 00 0A 00        		.dw 0x0d,0x0a
00009C00                    	.code
00000CD8                    	.debug
00000CD8 2E 00 73 00        		.dw '.stabn 0xc0,0,0,',0,0
         74 00 61 00
         62 00 6E 00
         20 00 30 00
         78 00 63 00
         30 00 2C 00
         30 00 2C 00
         30 00 2C 00
         00 00 00 00
00000CEA 23 01 00 00        		.dd LBB11-_main
00000CEC 0D 00 0A 00        		.dw 0x0d,0x0a
00009C00                    	.code
00000CEE                    	.debug
00000CEE 2E 00 73 00        		.dw '.stabn 0xe0,0,0,',0,0
         74 00 61 00
         62 00 6E 00
         20 00 30 00
         78 00 65 00
         30 00 2C 00
         30 00 2C 00
         30 00 2C 00
         00 00 00 00
00000D00 35 01 00 00        		.dd LBE11-_main
00000D02 0D 00 0A 00        		.dw 0x0d,0x0a
00009C00                    	.code
00000D04                    	.debug
00000D04 2E 00 73 00        		.dw '.stabn 0xc0,0,0,',0,0
         74 00 61 00
         62 00 6E 00
         20 00 30 00
         78 00 63 00
         30 00 2C 00
         30 00 2C 00
         30 00 2C 00
         00 00 00 00
00000D16 4A 01 00 00        		.dd LBB12-_main
00000D18 0D 00 0A 00        		.dw 0x0d,0x0a
00009C00                    	.code
00000D1A                    	.debug
00000D1A 2E 00 73 00        		.dw '.stabn 0xe0,0,0,',0,0
         74 00 61 00
         62 00 6E 00
         20 00 30 00
         78 00 65 00
         30 00 2C 00
         30 00 2C 00
         30 00 2C 00
         00 00 00 00
00000D2C 5D 01 00 00        		.dd LBE12-_main
00000D2E 0D 00 0A 00        		.dw 0x0d,0x0a
00009C00                    	.code
00000D30                    	.debug
00000D30 2E 00 73 00        		.dw '.stabn 0xe0,0,0,',0,0
         74 00 61 00
         62 00 6E 00
         20 00 30 00
         78 00 65 00
         30 00 2C 00
         30 00 2C 00
         30 00 2C 00
         00 00 00 00
00000D42 6C 01 00 00        		.dd LBE8-_main
00000D44 0D 00 0A 00        		.dw 0x0d,0x0a
00009C00                    	.code
00000D46                    	.debug
00000D46 2E 00 73 00        		.dw '.stabn 0xe0,0,0,',0,0
         74 00 61 00
         62 00 6E 00
         20 00 30 00
         78 00 65 00
         30 00 2C 00
         30 00 2C 00
         30 00 2C 00
         00 00 00 00
00000D58 6E 01 00 00        		.dd LBE3-_main
00000D5A 0D 00 0A 00        		.dw 0x0d,0x0a
00009C00                    	.code
00000D5C                    	.debug
00000D5C 2E 00 73 00        		.dw '.stabn 0xe0,0,0,',0,0
         74 00 61 00
         62 00 6E 00
         20 00 30 00
         78 00 65 00
         30 00 2C 00
         30 00 2C 00
         30 00 2C 00
         00 00 00 00
00000D6E 70 01 00 00        		.dd LBE2-_main
00000D70 0D 00 0A 00        		.dw 0x0d,0x0a
00009C00                    	.code
00000D72                    	.debug
00000D72 2E 00 73 00        		.dw '.stabf ',0,0
         74 00 61 00
         62 00 66 00
         20 00 00 00
         00 00      
00000D7B 73 01 00 00        		.dd LME1-_main
00000D7D 0D 00 0A 00        		.dw 0x0d,0x0a
00009C00                    	.code
                            	LME1:
00000D7F                    	.debug
00000D7F 2E 00 73 00        		.dw '.stabs "Status:G4",32,0,0,',0,0,offset _Status,seg _Status,0x0d,0x0a
         74 00 61 00
         62 00 73 00
         20 00 22 00
         53 00 74 00
         61 00 74 00
         75 00 73 00
         3A 00 47 00
         34 00 22 00
         2C 00 33 00
         32 00 2C 00
         30 00 2C 00
         30 00 2C 00
         00 00 00 00
         00 00 00 00
         0D 00 0A 00
00009C00                    	.CODE
0000060E                    	.ram
                            	.public _Status
                            	_Status:
0000060E 00 00              		.dw 0
00000D9F                    	.debug
00000D9F 2E 00 73 00        		.dw '.stabs "Ret:G4",32,0,0,',0,0,offset _Ret,seg _Ret,0x0d,0x0a
         74 00 61 00
         62 00 73 00
         20 00 22 00
         52 00 65 00
         74 00 3A 00
         47 00 34 00
         22 00 2C 00
         33 00 32 00
         2C 00 30 00
         2C 00 30 00
         2C 00 00 00
         00 00 01 00
         00 00 0D 00
         0A 00      
00009C00                    	.CODE
0000060F                    	.ram
                            	.public _Ret
                            	_Ret:
0000060F 00 00              		.dw 0
00000DBC                    	.debug
00000DBC 2E 00 73 00        		.dw '.stabs "Key:G4",32,0,0,',0,0,offset _Key,seg _Key,0x0d,0x0a
         74 00 61 00
         62 00 73 00
         20 00 22 00
         4B 00 65 00
         79 00 3A 00
         47 00 34 00
         22 00 2C 00
         33 00 32 00
         2C 00 30 00
         2C 00 30 00
         2C 00 00 00
         00 00 02 00
         00 00 0D 00
         0A 00      
00009C00                    	.CODE
00000610                    	.ram
                            	.public _Key
                            	_Key:
00000610 00 00              		.dw 0
00000DD9                    	.debug
00000DD9 2E 00 73 00        		.dw '.stabs "Addr:G4",32,0,0,',0,0,offset _Addr,seg _Addr,0x0d,0x0a
         74 00 61 00
         62 00 73 00
         20 00 22 00
         41 00 64 00
         64 00 72 00
         3A 00 47 00
         34 00 22 00
         2C 00 33 00
         32 00 2C 00
         30 00 2C 00
         30 00 2C 00
         00 00 00 00
         03 00 00 00
         0D 00 0A 00
00009C00                    	.CODE
00000611                    	.ram
                            	.public _Addr
                            	_Addr:
00000611 00 00              		.dw 0
00000DF7                    	.debug
00000DF7 2E 00 73 00        		.dw '.stabs "Save_Addr:G4",32,0,0,',0,0,offset _Save_Addr,seg _Save_Addr,0x0d,0x0a
         74 00 61 00
         62 00 73 00
         20 00 22 00
         53 00 61 00
         76 00 65 00
         5F 00 41 00
         64 00 64 00
         72 00 3A 00
         47 00 34 00
         22 00 2C 00
         33 00 32 00
         2C 00 30 00
         2C 00 30 00
         2C 00 00 00
         00 00 04 00
         00 00 0D 00
         0A 00      
00009C00                    	.CODE
00000612                    	.ram
                            	.public _Save_Addr
                            	_Save_Addr:
00000612 00 00              		.dw 0
                            	.external _System_ServiceLoop
                            	.external _SACM_DVR_Decode
                            	.external _F_FlashRead
                            	.external _SACM_DVR_Status
                            	.external _F_FlashWrite1Word
                            	.external _SACM_DVR_Encode
                            	.external _SACM_DVR_InitDecoder
                            	.external _SACM_DVR_FillQueue
                            	.external _SACM_DVR_FetchQueue
                            	.external _SACM_DVR_TestQueue
                            	.external _SACM_DVR_Stop
                            	.external _SACM_DVR_InitEncoder
                            	.external _SACM_DVR_InitQueue
                            	.external _F_FlashErase
                            	.external _Clear_WatchDog
                            	.external _SP_GetCh
                            	.external _SACM_DVR_Initial
                            	.external _System_Initial
                            		.end
0 error(s), 0 warning(s).

