Sunplus u'nSP Assembler - Ver. 1.8.0
              Listing File Has Been Relocated
                            	// GCC for SUNPLUS u'nSP version 1.0.10
                            	// Command: D:\PROGRA~1\Sunplus\UNSPID~1\IDE180\cc1.exe D:\DOCUME~1\ÁõÐÂÑÕ\LOCALS~1\Temp\cckXaaaa.i -fkeep-inline-functions -quiet -dumpbase main.c -gstabs -o .\Debug/main.asm
                            	// gcc2_compiled.:
                            	
0000807D                    	.code
                            	Ltext0:
00000000                    	.debug
00000000 2E 00 73 00        		.dw '.stabs "int:t1=r1;-32768;32767;",128,0,0,0',0x0d,0x0a
         74 00 61 00
         62 00 73 00
         20 00 22 00
         69 00 6E 00
         74 00 3A 00
         74 00 31 00
         3D 00 72 00
         31 00 3B 00
         2D 00 33 00
         32 00 37 00
         36 00 38 00
         3B 00 33 00
         32 00 37 00
         36 00 37 00
         3B 00 22 00
         2C 00 31 00
         32 00 38 00
         2C 00 30 00
         2C 00 30 00
         2C 00 30 00
         0D 00 0A 00
0000807D                    	.CODE
0000002C                    	.debug
0000002C 2E 00 73 00        		.dw '.stabs "char:t2=r2;0;127;",128,0,0,0',0x0d,0x0a
         74 00 61 00
         62 00 73 00
         20 00 22 00
         63 00 68 00
         61 00 72 00
         3A 00 74 00
         32 00 3D 00
         72 00 32 00
         3B 00 30 00
         3B 00 31 00
         32 00 37 00
         3B 00 22 00
         2C 00 31 00
         32 00 38 00
         2C 00 30 00
         2C 00 30 00
         2C 00 30 00
         0D 00 0A 00
0000807D                    	.CODE
00000052                    	.debug
00000052 2E 00 73 00        		.dw '.stabs "long int:t3=r3;-2147483648;2147483647;",128,0,0,0',0x0d,0x0a
         74 00 61 00
         62 00 73 00
         20 00 22 00
         6C 00 6F 00
         6E 00 67 00
         20 00 69 00
         6E 00 74 00
         3A 00 74 00
         33 00 3D 00
         72 00 33 00
         3B 00 2D 00
         32 00 31 00
         34 00 37 00
         34 00 38 00
         33 00 36 00
         34 00 38 00
         3B 00 32 00
         31 00 34 00
         37 00 34 00
         38 00 33 00
         36 00 34 00
         37 00 3B 00
         22 00 2C 00
         31 00 32 00
         38 00 2C 00
         30 00 2C 00
         30 00 2C 00
         30 00 0D 00
         0A 00      
0000807D                    	.CODE
0000008D                    	.debug
0000008D 2E 00 73 00        		.dw '.stabs "unsigned int:t4=r4;0;65535;",128,0,0,0',0x0d,0x0a
         74 00 61 00
         62 00 73 00
         20 00 22 00
         75 00 6E 00
         73 00 69 00
         67 00 6E 00
         65 00 64 00
         20 00 69 00
         6E 00 74 00
         3A 00 74 00
         34 00 3D 00
         72 00 34 00
         3B 00 30 00
         3B 00 36 00
         35 00 35 00
         33 00 35 00
         3B 00 22 00
         2C 00 31 00
         32 00 38 00
         2C 00 30 00
         2C 00 30 00
         2C 00 30 00
         0D 00 0A 00
0000807D                    	.CODE
000000BD                    	.debug
000000BD 2E 00 73 00        		.dw '.stabs "long unsigned int:t5=r5;0;4294967295;",128,0,0,0',0x0d,0x0a
         74 00 61 00
         62 00 73 00
         20 00 22 00
         6C 00 6F 00
         6E 00 67 00
         20 00 75 00
         6E 00 73 00
         69 00 67 00
         6E 00 65 00
         64 00 20 00
         69 00 6E 00
         74 00 3A 00
         74 00 35 00
         3D 00 72 00
         35 00 3B 00
         30 00 3B 00
         34 00 32 00
         39 00 34 00
         39 00 36 00
         37 00 32 00
         39 00 35 00
         3B 00 22 00
         2C 00 31 00
         32 00 38 00
         2C 00 30 00
         2C 00 30 00
         2C 00 30 00
         0D 00 0A 00
0000807D                    	.CODE
000000F7                    	.debug
000000F7 2E 00 73 00        		.dw '.stabs "long long int:t6=r6;-2147483648;2147483647;",128,0,0,0',0x0d,0x0a
         74 00 61 00
         62 00 73 00
         20 00 22 00
         6C 00 6F 00
         6E 00 67 00
         20 00 6C 00
         6F 00 6E 00
         67 00 20 00
         69 00 6E 00
         74 00 3A 00
         74 00 36 00
         3D 00 72 00
         36 00 3B 00
         2D 00 32 00
         31 00 34 00
         37 00 34 00
         38 00 33 00
         36 00 34 00
         38 00 3B 00
         32 00 31 00
         34 00 37 00
         34 00 38 00
         33 00 36 00
         34 00 37 00
         3B 00 22 00
         2C 00 31 00
         32 00 38 00
         2C 00 30 00
         2C 00 30 00
         2C 00 30 00
         0D 00 0A 00
0000807D                    	.CODE
00000137                    	.debug
00000137 2E 00 73 00        		.dw '.stabs "long long unsigned int:t7=r7;0;4294967295;",128,0,0,0',0x0d,0x0a
         74 00 61 00
         62 00 73 00
         20 00 22 00
         6C 00 6F 00
         6E 00 67 00
         20 00 6C 00
         6F 00 6E 00
         67 00 20 00
         75 00 6E 00
         73 00 69 00
         67 00 6E 00
         65 00 64 00
         20 00 69 00
         6E 00 74 00
         3A 00 74 00
         37 00 3D 00
         72 00 37 00
         3B 00 30 00
         3B 00 34 00
         32 00 39 00
         34 00 39 00
         36 00 37 00
         32 00 39 00
         35 00 3B 00
         22 00 2C 00
         31 00 32 00
         38 00 2C 00
         30 00 2C 00
         30 00 2C 00
         30 00 0D 00
         0A 00      
0000807D                    	.CODE
00000176                    	.debug
00000176 2E 00 73 00        		.dw '.stabs "short int:t8=r8;-32768;32767;",128,0,0,0',0x0d,0x0a
         74 00 61 00
         62 00 73 00
         20 00 22 00
         73 00 68 00
         6F 00 72 00
         74 00 20 00
         69 00 6E 00
         74 00 3A 00
         74 00 38 00
         3D 00 72 00
         38 00 3B 00
         2D 00 33 00
         32 00 37 00
         36 00 38 00
         3B 00 33 00
         32 00 37 00
         36 00 37 00
         3B 00 22 00
         2C 00 31 00
         32 00 38 00
         2C 00 30 00
         2C 00 30 00
         2C 00 30 00
         0D 00 0A 00
0000807D                    	.CODE
000001A8                    	.debug
000001A8 2E 00 73 00        		.dw '.stabs "short unsigned int:t9=r9;0;65535;",128,0,0,0',0x0d,0x0a
         74 00 61 00
         62 00 73 00
         20 00 22 00
         73 00 68 00
         6F 00 72 00
         74 00 20 00
         75 00 6E 00
         73 00 69 00
         67 00 6E 00
         65 00 64 00
         20 00 69 00
         6E 00 74 00
         3A 00 74 00
         39 00 3D 00
         72 00 39 00
         3B 00 30 00
         3B 00 36 00
         35 00 35 00
         33 00 35 00
         3B 00 22 00
         2C 00 31 00
         32 00 38 00
         2C 00 30 00
         2C 00 30 00
         2C 00 30 00
         0D 00 0A 00
0000807D                    	.CODE
000001DE                    	.debug
000001DE 2E 00 73 00        		.dw '.stabs "signed char:t10=r10;-32768;32767;",128,0,0,0',0x0d,0x0a
         74 00 61 00
         62 00 73 00
         20 00 22 00
         73 00 69 00
         67 00 6E 00
         65 00 64 00
         20 00 63 00
         68 00 61 00
         72 00 3A 00
         74 00 31 00
         30 00 3D 00
         72 00 31 00
         30 00 3B 00
         2D 00 33 00
         32 00 37 00
         36 00 38 00
         3B 00 33 00
         32 00 37 00
         36 00 37 00
         3B 00 22 00
         2C 00 31 00
         32 00 38 00
         2C 00 30 00
         2C 00 30 00
         2C 00 30 00
         0D 00 0A 00
0000807D                    	.CODE
00000214                    	.debug
00000214 2E 00 73 00        		.dw '.stabs "unsigned char:t11=r11;0;65535;",128,0,0,0',0x0d,0x0a
         74 00 61 00
         62 00 73 00
         20 00 22 00
         75 00 6E 00
         73 00 69 00
         67 00 6E 00
         65 00 64 00
         20 00 63 00
         68 00 61 00
         72 00 3A 00
         74 00 31 00
         31 00 3D 00
         72 00 31 00
         31 00 3B 00
         30 00 3B 00
         36 00 35 00
         35 00 33 00
         35 00 3B 00
         22 00 2C 00
         31 00 32 00
         38 00 2C 00
         30 00 2C 00
         30 00 2C 00
         30 00 0D 00
         0A 00      
0000807D                    	.CODE
00000247                    	.debug
00000247 2E 00 73 00        		.dw '.stabs "float:t12=r1;2;0;",128,0,0,0',0x0d,0x0a
         74 00 61 00
         62 00 73 00
         20 00 22 00
         66 00 6C 00
         6F 00 61 00
         74 00 3A 00
         74 00 31 00
         32 00 3D 00
         72 00 31 00
         3B 00 32 00
         3B 00 30 00
         3B 00 22 00
         2C 00 31 00
         32 00 38 00
         2C 00 30 00
         2C 00 30 00
         2C 00 30 00
         0D 00 0A 00
0000807D                    	.CODE
0000026D                    	.debug
0000026D 2E 00 73 00        		.dw '.stabs "double:t13=r1;2;0;",128,0,0,0',0x0d,0x0a
         74 00 61 00
         62 00 73 00
         20 00 22 00
         64 00 6F 00
         75 00 62 00
         6C 00 65 00
         3A 00 74 00
         31 00 33 00
         3D 00 72 00
         31 00 3B 00
         32 00 3B 00
         30 00 3B 00
         22 00 2C 00
         31 00 32 00
         38 00 2C 00
         30 00 2C 00
         30 00 2C 00
         30 00 0D 00
         0A 00      
0000807D                    	.CODE
00000294                    	.debug
00000294 2E 00 73 00        		.dw '.stabs "long double:t14=r1;2;0;",128,0,0,0',0x0d,0x0a
         74 00 61 00
         62 00 73 00
         20 00 22 00
         6C 00 6F 00
         6E 00 67 00
         20 00 64 00
         6F 00 75 00
         62 00 6C 00
         65 00 3A 00
         74 00 31 00
         34 00 3D 00
         72 00 31 00
         3B 00 32 00
         3B 00 30 00
         3B 00 22 00
         2C 00 31 00
         32 00 38 00
         2C 00 30 00
         2C 00 30 00
         2C 00 30 00
         0D 00 0A 00
0000807D                    	.CODE
000002C0                    	.debug
000002C0 2E 00 73 00        		.dw '.stabs "complex int:t15=s2real:1,0,16;imag:1,16,16;;",128,0,0,0',0x0d,0x0a
         74 00 61 00
         62 00 73 00
         20 00 22 00
         63 00 6F 00
         6D 00 70 00
         6C 00 65 00
         78 00 20 00
         69 00 6E 00
         74 00 3A 00
         74 00 31 00
         35 00 3D 00
         73 00 32 00
         72 00 65 00
         61 00 6C 00
         3A 00 31 00
         2C 00 30 00
         2C 00 31 00
         36 00 3B 00
         69 00 6D 00
         61 00 67 00
         3A 00 31 00
         2C 00 31 00
         36 00 2C 00
         31 00 36 00
         3B 00 3B 00
         22 00 2C 00
         31 00 32 00
         38 00 2C 00
         30 00 2C 00
         30 00 2C 00
         30 00 0D 00
         0A 00      
0000807D                    	.CODE
00000301                    	.debug
00000301 2E 00 73 00        		.dw '.stabs "complex float:t16=r16;2;0;",128,0,0,0',0x0d,0x0a
         74 00 61 00
         62 00 73 00
         20 00 22 00
         63 00 6F 00
         6D 00 70 00
         6C 00 65 00
         78 00 20 00
         66 00 6C 00
         6F 00 61 00
         74 00 3A 00
         74 00 31 00
         36 00 3D 00
         72 00 31 00
         36 00 3B 00
         32 00 3B 00
         30 00 3B 00
         22 00 2C 00
         31 00 32 00
         38 00 2C 00
         30 00 2C 00
         30 00 2C 00
         30 00 0D 00
         0A 00      
0000807D                    	.CODE
00000330                    	.debug
00000330 2E 00 73 00        		.dw '.stabs "complex double:t17=r17;2;0;",128,0,0,0',0x0d,0x0a
         74 00 61 00
         62 00 73 00
         20 00 22 00
         63 00 6F 00
         6D 00 70 00
         6C 00 65 00
         78 00 20 00
         64 00 6F 00
         75 00 62 00
         6C 00 65 00
         3A 00 74 00
         31 00 37 00
         3D 00 72 00
         31 00 37 00
         3B 00 32 00
         3B 00 30 00
         3B 00 22 00
         2C 00 31 00
         32 00 38 00
         2C 00 30 00
         2C 00 30 00
         2C 00 30 00
         0D 00 0A 00
0000807D                    	.CODE
00000360                    	.debug
00000360 2E 00 73 00        		.dw '.stabs "complex long double:t18=r18;2;0;",128,0,0,0',0x0d,0x0a
         74 00 61 00
         62 00 73 00
         20 00 22 00
         63 00 6F 00
         6D 00 70 00
         6C 00 65 00
         78 00 20 00
         6C 00 6F 00
         6E 00 67 00
         20 00 64 00
         6F 00 75 00
         62 00 6C 00
         65 00 3A 00
         74 00 31 00
         38 00 3D 00
         72 00 31 00
         38 00 3B 00
         32 00 3B 00
         30 00 3B 00
         22 00 2C 00
         31 00 32 00
         38 00 2C 00
         30 00 2C 00
         30 00 2C 00
         30 00 0D 00
         0A 00      
0000807D                    	.CODE
00000395                    	.debug
00000395 2E 00 73 00        		.dw '.stabs "void:t19=19",128,0,0,0',0x0d,0x0a
         74 00 61 00
         62 00 73 00
         20 00 22 00
         76 00 6F 00
         69 00 64 00
         3A 00 74 00
         31 00 39 00
         3D 00 31 00
         39 00 22 00
         2C 00 31 00
         32 00 38 00
         2C 00 30 00
         2C 00 30 00
         2C 00 30 00
         0D 00 0A 00
0000807D                    	.CODE
0000807D                    	.code
000003B5                    	.debug
000003B5 2E 00 73 00        		.dw '.stabs "main:F1",36,0,0,',0,0,offset _main,seg _main,0x0d,0x0a
         74 00 61 00
         62 00 73 00
         20 00 22 00
         6D 00 61 00
         69 00 6E 00
         3A 00 46 00
         31 00 22 00
         2C 00 33 00
         36 00 2C 00
         30 00 2C 00
         30 00 2C 00
         00 00 00 00
         00 00 00 00
         0D 00 0A 00
0000807D                    	.CODE
                            	.public _main
                            	_main:	.proc
000003D3                    	.debug
000003D3 2E 00 73 00        		.dw '.stabn 0x44,0,35,',0,0
         74 00 61 00
         62 00 6E 00
         20 00 30 00
         78 00 34 00
         34 00 2C 00
         30 00 2C 00
         33 00 35 00
         2C 00 00 00
         00 00      
000003E6 00 00 00 00        		.dd LM1-_main
000003E8 0D 00 0A 00        		.dw 0x0d,0x0a
0000807D                    	.code
                            	LM1:
                            		// total=1, vars=1
                            		// frame_pointer_needed: 1
0000807D 88 DA              		push bp to [sp]
0000807E 41 20              		sp-=1
0000807F 08 0B 01 00        		bp=sp+1
                            	
00008081 0D 03 04 00        		R1=BP+4
00008083 C5 D2              		[BP]=R1	// QImode move
000003EA                    	.debug
000003EA 2E 00 73 00        		.dw '.stabn 0x44,0,36,',0,0
         74 00 61 00
         62 00 6E 00
         20 00 30 00
         78 00 34 00
         34 00 2C 00
         30 00 2C 00
         33 00 36 00
         2C 00 00 00
         00 00      
000003FD 07 00 00 00        		.dd LM2-_main
000003FF 0D 00 0A 00        		.dw 0x0d,0x0a
00008084                    	.code
                            	LM2:
                            	LBB2:
00008084 40 F0 5D 81        		call _SP_Init_IOA	// call with return value
00000401                    	.debug
00000401 2E 00 73 00        		.dw '.stabn 0x44,0,37,',0,0
         74 00 61 00
         62 00 6E 00
         20 00 30 00
         78 00 34 00
         34 00 2C 00
         30 00 2C 00
         33 00 37 00
         2C 00 00 00
         00 00      
00000414 09 00 00 00        		.dd LM3-_main
00000416 0D 00 0A 00        		.dw 0x0d,0x0a
00008086                    	.code
                            	LM3:
00008086 40 F0 FB 81        		call _F_IRQ3_Init	// call with return value
00000418                    	.debug
00000418 2E 00 73 00        		.dw '.stabn 0x44,0,38,',0,0
         74 00 61 00
         62 00 6E 00
         20 00 30 00
         78 00 34 00
         34 00 2C 00
         30 00 2C 00
         33 00 38 00
         2C 00 00 00
         00 00      
0000042B 0B 00 00 00        		.dd LM4-_main
0000042D 0D 00 0A 00        		.dw 0x0d,0x0a
00008088                    	.code
                            	LM4:
00008088 40 92              		R1=0	// QImode move
00008089 19 D3 01 00        		[_KeyDownTimes]=R1	// QImode move
0000042F                    	.debug
0000042F 2E 00 73 00        		.dw '.stabn 0x44,0,39,',0,0
         74 00 61 00
         62 00 6E 00
         20 00 30 00
         78 00 34 00
         34 00 2C 00
         30 00 2C 00
         33 00 39 00
         2C 00 00 00
         00 00      
00000442 0E 00 00 00        		.dd LM5-_main
00000444 0D 00 0A 00        		.dw 0x0d,0x0a
0000808B                    	.code
                            	LM5:
0000808B 40 92              		R1=0	// QImode move
0000808C 19 D3 02 00        		[_KeyFlag]=R1	// QImode move
00000446                    	.debug
00000446 2E 00 73 00        		.dw '.stabn 0x44,0,40,',0,0
         74 00 61 00
         62 00 6E 00
         20 00 30 00
         78 00 34 00
         34 00 2C 00
         30 00 2C 00
         34 00 30 00
         2C 00 00 00
         00 00      
00000459 11 00 00 00        		.dd LM6-_main
0000045B 0D 00 0A 00        		.dw 0x0d,0x0a
0000808E                    	.code
                            	LM6:
                            	L3:
0000808E 0F 9F 92 80        		pc=L5	// jump
00008090 0F 9F 5A 81        		pc=L4	// jump
                            	L5:
0000045D                    	.debug
0000045D 2E 00 73 00        		.dw '.stabn 0x44,0,42,',0,0
         74 00 61 00
         62 00 6E 00
         20 00 30 00
         78 00 34 00
         34 00 2C 00
         30 00 2C 00
         34 00 32 00
         2C 00 00 00
         00 00      
00000470 15 00 00 00        		.dd LM7-_main
00000472 0D 00 0A 00        		.dw 0x0d,0x0a
00008092                    	.code
                            	LM7:
                            	LBB3:
00008092 41 92              		R1=1	// QImode move
00008093 19 D3 12 70        		[28690]=R1	// QImode move
00000474                    	.debug
00000474 2E 00 73 00        		.dw '.stabn 0x44,0,43,',0,0
         74 00 61 00
         62 00 6E 00
         20 00 30 00
         78 00 34 00
         34 00 2C 00
         30 00 2C 00
         34 00 33 00
         2C 00 00 00
         00 00      
00000487 18 00 00 00        		.dd LM8-_main
00000489 0D 00 0A 00        		.dw 0x0d,0x0a
00008095                    	.code
                            	LM8:
00008095 40 F0 66 81        		call _F_Key_Scan	// call with return value
0000048B                    	.debug
0000048B 2E 00 73 00        		.dw '.stabn 0x44,0,44,',0,0
         74 00 61 00
         62 00 6E 00
         20 00 30 00
         78 00 34 00
         34 00 2C 00
         30 00 2C 00
         34 00 34 00
         2C 00 00 00
         00 00      
0000049E 1A 00 00 00        		.dd LM9-_main
000004A0 0D 00 0A 00        		.dw 0x0d,0x0a
00008097                    	.code
                            	LM9:
                            	L6:
00008097 11 93 02 00        		R1=[_KeyFlag]	// QImode move
00008099 41 42              		CMP R1,1	// QImode compare
0000809A 02 4E              		JNZ L28	// QImode EQ
0000809B 0F 9F 9F 80        		PC=L8
                            	L28:
0000809D 0F 9F 58 81        		pc=L7	// jump
                            	L8:
000004A2                    	.debug
000004A2 2E 00 73 00        		.dw '.stabn 0x44,0,46,',0,0
         74 00 61 00
         62 00 6E 00
         20 00 30 00
         78 00 34 00
         34 00 2C 00
         30 00 2C 00
         34 00 36 00
         2C 00 00 00
         00 00      
000004B5 22 00 00 00        		.dd LM10-_main
000004B7 0D 00 0A 00        		.dw 0x0d,0x0a
0000809F                    	.code
                            	LM10:
                            	LBB4:
0000809F 40 F0 C3 81        		call _F_Get_Key	// call with return value
000080A1 19 D3 00 00        		[_KeyVal]=R1	// QImode move
000004B9                    	.debug
000004B9 2E 00 73 00        		.dw '.stabn 0x44,0,47,',0,0
         74 00 61 00
         62 00 6E 00
         20 00 30 00
         78 00 34 00
         34 00 2C 00
         30 00 2C 00
         34 00 37 00
         2C 00 00 00
         00 00      
000004CC 26 00 00 00        		.dd LM11-_main
000004CE 0D 00 0A 00        		.dw 0x0d,0x0a
000080A3                    	.code
                            	LM11:
000080A3 40 92              		R1=0	// QImode move
000080A4 19 D3 02 00        		[_KeyFlag]=R1	// QImode move
000004D0                    	.debug
000004D0 2E 00 73 00        		.dw '.stabn 0x44,0,48,',0,0
         74 00 61 00
         62 00 6E 00
         20 00 30 00
         78 00 34 00
         34 00 2C 00
         30 00 2C 00
         34 00 38 00
         2C 00 00 00
         00 00      
000004E3 29 00 00 00        		.dd LM12-_main
000004E5 0D 00 0A 00        		.dw 0x0d,0x0a
000080A6                    	.code
                            	LM12:
000080A6 11 93 00 00        		R1=[_KeyVal]	// QImode move
000080A8 4F 42              		CMP R1,15	// QImode compare
000080A9 02 8E              		JNA L29	// QImode GTU
000080AA 0F 9F 54 81        		PC=L26
                            	L29:
000080AC 11 93 00 00        		R1=[_KeyVal]	// QImode move
000080AE 01 95              		R2=R1	// QImode move
000080AF 02 93              		R1=R2	// QImode move
000080B0 09 03 50 80        		R1=R1+L27
000080B2 01 97              		R3=R1	// QImode move
000080B3 C3 94              		R2=[R3]	// QImode move
000080B4 02 9F              		pc=R2	// tablejump
00008050                    	.text
                            	L27:
00008050 B5 80              		.dw L10
00008051 BF 80              		.dw L11
00008052 C9 80              		.dw L12
00008053 D3 80              		.dw L13
00008054 DD 80              		.dw L14
00008055 E7 80              		.dw L15
00008056 F1 80              		.dw L16
00008057 FB 80              		.dw L17
00008058 05 81              		.dw L18
00008059 0F 81              		.dw L19
0000805A 19 81              		.dw L20
0000805B 23 81              		.dw L21
0000805C 2D 81              		.dw L22
0000805D 37 81              		.dw L23
0000805E 41 81              		.dw L24
0000805F 4B 81              		.dw L25
000080B5                    	.code
000004E7                    	.debug
000004E7 2E 00 73 00        		.dw '.stabn 0x44,0,50,',0,0
         74 00 61 00
         62 00 6E 00
         20 00 30 00
         78 00 34 00
         34 00 2C 00
         30 00 2C 00
         35 00 30 00
         2C 00 00 00
         00 00      
000004FA 38 00 00 00        		.dd LM13-_main
000004FC 0D 00 0A 00        		.dw 0x0d,0x0a
000080B5                    	.code
                            	LM13:
                            	LBB5:
                            	L10:
000004FE                    	.debug
000004FE 2E 00 73 00        		.dw '.stabn 0x44,0,51,',0,0
         74 00 61 00
         62 00 6E 00
         20 00 30 00
         78 00 34 00
         34 00 2C 00
         30 00 2C 00
         35 00 31 00
         2C 00 00 00
         00 00      
00000511 38 00 00 00        		.dd LM14-_main
00000513 0D 00 0A 00        		.dw 0x0d,0x0a
000080B5                    	.code
                            	LM14:
000080B5 09 93 30 01        		R1=304	// QImode move
000080B7 C8 D2              		[SP--]=R1	// QImode move
000080B8 60 92              		R1=32	// QImode move
000080B9 C8 D2              		[SP--]=R1	// QImode move
000080BA 40 F0 E4 81        		call _F_Pwm	// call with return value
000080BC 42 00              		SP=SP+2
00000515                    	.debug
00000515 2E 00 73 00        		.dw '.stabn 0x44,0,52,',0,0
         74 00 61 00
         62 00 6E 00
         20 00 30 00
         78 00 34 00
         34 00 2C 00
         30 00 2C 00
         35 00 32 00
         2C 00 00 00
         00 00      
00000528 40 00 00 00        		.dd LM15-_main
0000052A 0D 00 0A 00        		.dw 0x0d,0x0a
000080BD                    	.code
                            	LM15:
000080BD 0F 9F 56 81        		pc=L9	// jump
                            	L11:
0000052C                    	.debug
0000052C 2E 00 73 00        		.dw '.stabn 0x44,0,54,',0,0
         74 00 61 00
         62 00 6E 00
         20 00 30 00
         78 00 34 00
         34 00 2C 00
         30 00 2C 00
         35 00 34 00
         2C 00 00 00
         00 00      
0000053F 42 00 00 00        		.dd LM16-_main
00000541 0D 00 0A 00        		.dw 0x0d,0x0a
000080BF                    	.code
                            	LM16:
000080BF 09 93 F0 00        		R1=240	// QImode move
000080C1 C8 D2              		[SP--]=R1	// QImode move
000080C2 60 92              		R1=32	// QImode move
000080C3 C8 D2              		[SP--]=R1	// QImode move
000080C4 40 F0 E4 81        		call _F_Pwm	// call with return value
000080C6 42 00              		SP=SP+2
00000543                    	.debug
00000543 2E 00 73 00        		.dw '.stabn 0x44,0,55,',0,0
         74 00 61 00
         62 00 6E 00
         20 00 30 00
         78 00 34 00
         34 00 2C 00
         30 00 2C 00
         35 00 35 00
         2C 00 00 00
         00 00      
00000556 4A 00 00 00        		.dd LM17-_main
00000558 0D 00 0A 00        		.dw 0x0d,0x0a
000080C7                    	.code
                            	LM17:
000080C7 0F 9F 56 81        		pc=L9	// jump
                            	L12:
0000055A                    	.debug
0000055A 2E 00 73 00        		.dw '.stabn 0x44,0,57,',0,0
         74 00 61 00
         62 00 6E 00
         20 00 30 00
         78 00 34 00
         34 00 2C 00
         30 00 2C 00
         35 00 37 00
         2C 00 00 00
         00 00      
0000056D 4C 00 00 00        		.dd LM18-_main
0000056F 0D 00 0A 00        		.dw 0x0d,0x0a
000080C9                    	.code
                            	LM18:
000080C9 09 93 B0 03        		R1=944	// QImode move
000080CB C8 D2              		[SP--]=R1	// QImode move
000080CC 60 92              		R1=32	// QImode move
000080CD C8 D2              		[SP--]=R1	// QImode move
000080CE 40 F0 E4 81        		call _F_Pwm	// call with return value
000080D0 42 00              		SP=SP+2
00000571                    	.debug
00000571 2E 00 73 00        		.dw '.stabn 0x44,0,58,',0,0
         74 00 61 00
         62 00 6E 00
         20 00 30 00
         78 00 34 00
         34 00 2C 00
         30 00 2C 00
         35 00 38 00
         2C 00 00 00
         00 00      
00000584 54 00 00 00        		.dd LM19-_main
00000586 0D 00 0A 00        		.dw 0x0d,0x0a
000080D1                    	.code
                            	LM19:
000080D1 0F 9F 56 81        		pc=L9	// jump
                            	L13:
00000588                    	.debug
00000588 2E 00 73 00        		.dw '.stabn 0x44,0,60,',0,0
         74 00 61 00
         62 00 6E 00
         20 00 30 00
         78 00 34 00
         34 00 2C 00
         30 00 2C 00
         36 00 30 00
         2C 00 00 00
         00 00      
0000059B 56 00 00 00        		.dd LM20-_main
0000059D 0D 00 0A 00        		.dw 0x0d,0x0a
000080D3                    	.code
                            	LM20:
000080D3 09 93 30 02        		R1=560	// QImode move
000080D5 C8 D2              		[SP--]=R1	// QImode move
000080D6 60 92              		R1=32	// QImode move
000080D7 C8 D2              		[SP--]=R1	// QImode move
000080D8 40 F0 E4 81        		call _F_Pwm	// call with return value
000080DA 42 00              		SP=SP+2
0000059F                    	.debug
0000059F 2E 00 73 00        		.dw '.stabn 0x44,0,61,',0,0
         74 00 61 00
         62 00 6E 00
         20 00 30 00
         78 00 34 00
         34 00 2C 00
         30 00 2C 00
         36 00 31 00
         2C 00 00 00
         00 00      
000005B2 5E 00 00 00        		.dd LM21-_main
000005B4 0D 00 0A 00        		.dw 0x0d,0x0a
000080DB                    	.code
                            	LM21:
000080DB 0F 9F 56 81        		pc=L9	// jump
                            	L14:
000005B6                    	.debug
000005B6 2E 00 73 00        		.dw '.stabn 0x44,0,63,',0,0
         74 00 61 00
         62 00 6E 00
         20 00 30 00
         78 00 34 00
         34 00 2C 00
         30 00 2C 00
         36 00 33 00
         2C 00 00 00
         00 00      
000005C9 60 00 00 00        		.dd LM22-_main
000005CB 0D 00 0A 00        		.dw 0x0d,0x0a
000080DD                    	.code
                            	LM22:
000080DD 09 93 30 01        		R1=304	// QImode move
000080DF C8 D2              		[SP--]=R1	// QImode move
000080E0 68 92              		R1=40	// QImode move
000080E1 C8 D2              		[SP--]=R1	// QImode move
000080E2 40 F0 E4 81        		call _F_Pwm	// call with return value
000080E4 42 00              		SP=SP+2
000005CD                    	.debug
000005CD 2E 00 73 00        		.dw '.stabn 0x44,0,64,',0,0
         74 00 61 00
         62 00 6E 00
         20 00 30 00
         78 00 34 00
         34 00 2C 00
         30 00 2C 00
         36 00 34 00
         2C 00 00 00
         00 00      
000005E0 68 00 00 00        		.dd LM23-_main
000005E2 0D 00 0A 00        		.dw 0x0d,0x0a
000080E5                    	.code
                            	LM23:
000080E5 0F 9F 56 81        		pc=L9	// jump
                            	L15:
000005E4                    	.debug
000005E4 2E 00 73 00        		.dw '.stabn 0x44,0,66,',0,0
         74 00 61 00
         62 00 6E 00
         20 00 30 00
         78 00 34 00
         34 00 2C 00
         30 00 2C 00
         36 00 36 00
         2C 00 00 00
         00 00      
000005F7 6A 00 00 00        		.dd LM24-_main
000005F9 0D 00 0A 00        		.dw 0x0d,0x0a
000080E7                    	.code
                            	LM24:
000080E7 09 93 F0 00        		R1=240	// QImode move
000080E9 C8 D2              		[SP--]=R1	// QImode move
000080EA 68 92              		R1=40	// QImode move
000080EB C8 D2              		[SP--]=R1	// QImode move
000080EC 40 F0 E4 81        		call _F_Pwm	// call with return value
000080EE 42 00              		SP=SP+2
000005FB                    	.debug
000005FB 2E 00 73 00        		.dw '.stabn 0x44,0,67,',0,0
         74 00 61 00
         62 00 6E 00
         20 00 30 00
         78 00 34 00
         34 00 2C 00
         30 00 2C 00
         36 00 37 00
         2C 00 00 00
         00 00      
0000060E 72 00 00 00        		.dd LM25-_main
00000610 0D 00 0A 00        		.dw 0x0d,0x0a
000080EF                    	.code
                            	LM25:
000080EF 0F 9F 56 81        		pc=L9	// jump
                            	L16:
00000612                    	.debug
00000612 2E 00 73 00        		.dw '.stabn 0x44,0,69,',0,0
         74 00 61 00
         62 00 6E 00
         20 00 30 00
         78 00 34 00
         34 00 2C 00
         30 00 2C 00
         36 00 39 00
         2C 00 00 00
         00 00      
00000625 74 00 00 00        		.dd LM26-_main
00000627 0D 00 0A 00        		.dw 0x0d,0x0a
000080F1                    	.code
                            	LM26:
000080F1 09 93 B0 01        		R1=432	// QImode move
000080F3 C8 D2              		[SP--]=R1	// QImode move
000080F4 68 92              		R1=40	// QImode move
000080F5 C8 D2              		[SP--]=R1	// QImode move
000080F6 40 F0 E4 81        		call _F_Pwm	// call with return value
000080F8 42 00              		SP=SP+2
00000629                    	.debug
00000629 2E 00 73 00        		.dw '.stabn 0x44,0,70,',0,0
         74 00 61 00
         62 00 6E 00
         20 00 30 00
         78 00 34 00
         34 00 2C 00
         30 00 2C 00
         37 00 30 00
         2C 00 00 00
         00 00      
0000063C 7C 00 00 00        		.dd LM27-_main
0000063E 0D 00 0A 00        		.dw 0x0d,0x0a
000080F9                    	.code
                            	LM27:
000080F9 0F 9F 56 81        		pc=L9	// jump
                            	L17:
00000640                    	.debug
00000640 2E 00 73 00        		.dw '.stabn 0x44,0,72,',0,0
         74 00 61 00
         62 00 6E 00
         20 00 30 00
         78 00 34 00
         34 00 2C 00
         30 00 2C 00
         37 00 32 00
         2C 00 00 00
         00 00      
00000653 7E 00 00 00        		.dd LM28-_main
00000655 0D 00 0A 00        		.dw 0x0d,0x0a
000080FB                    	.code
                            	LM28:
000080FB 09 93 B0 03        		R1=944	// QImode move
000080FD C8 D2              		[SP--]=R1	// QImode move
000080FE 68 92              		R1=40	// QImode move
000080FF C8 D2              		[SP--]=R1	// QImode move
00008100 40 F0 E4 81        		call _F_Pwm	// call with return value
00008102 42 00              		SP=SP+2
00000657                    	.debug
00000657 2E 00 73 00        		.dw '.stabn 0x44,0,73,',0,0
         74 00 61 00
         62 00 6E 00
         20 00 30 00
         78 00 34 00
         34 00 2C 00
         30 00 2C 00
         37 00 33 00
         2C 00 00 00
         00 00      
0000066A 86 00 00 00        		.dd LM29-_main
0000066C 0D 00 0A 00        		.dw 0x0d,0x0a
00008103                    	.code
                            	LM29:
00008103 0F 9F 56 81        		pc=L9	// jump
                            	L18:
0000066E                    	.debug
0000066E 2E 00 73 00        		.dw '.stabn 0x44,0,75,',0,0
         74 00 61 00
         62 00 6E 00
         20 00 30 00
         78 00 34 00
         34 00 2C 00
         30 00 2C 00
         37 00 35 00
         2C 00 00 00
         00 00      
00000681 88 00 00 00        		.dd LM30-_main
00000683 0D 00 0A 00        		.dw 0x0d,0x0a
00008105                    	.code
                            	LM30:
00008105 09 93 70 00        		R1=112	// QImode move
00008107 C8 D2              		[SP--]=R1	// QImode move
00008108 50 92              		R1=16	// QImode move
00008109 C8 D2              		[SP--]=R1	// QImode move
0000810A 40 F0 E4 81        		call _F_Pwm	// call with return value
0000810C 42 00              		SP=SP+2
00000685                    	.debug
00000685 2E 00 73 00        		.dw '.stabn 0x44,0,76,',0,0
         74 00 61 00
         62 00 6E 00
         20 00 30 00
         78 00 34 00
         34 00 2C 00
         30 00 2C 00
         37 00 36 00
         2C 00 00 00
         00 00      
00000698 90 00 00 00        		.dd LM31-_main
0000069A 0D 00 0A 00        		.dw 0x0d,0x0a
0000810D                    	.code
                            	LM31:
0000810D 0F 9F 56 81        		pc=L9	// jump
                            	L19:
0000069C                    	.debug
0000069C 2E 00 73 00        		.dw '.stabn 0x44,0,78,',0,0
         74 00 61 00
         62 00 6E 00
         20 00 30 00
         78 00 34 00
         34 00 2C 00
         30 00 2C 00
         37 00 38 00
         2C 00 00 00
         00 00      
000006AF 92 00 00 00        		.dd LM32-_main
000006B1 0D 00 0A 00        		.dw 0x0d,0x0a
0000810F                    	.code
                            	LM32:
0000810F 09 93 F0 00        		R1=240	// QImode move
00008111 C8 D2              		[SP--]=R1	// QImode move
00008112 50 92              		R1=16	// QImode move
00008113 C8 D2              		[SP--]=R1	// QImode move
00008114 40 F0 E4 81        		call _F_Pwm	// call with return value
00008116 42 00              		SP=SP+2
000006B3                    	.debug
000006B3 2E 00 73 00        		.dw '.stabn 0x44,0,79,',0,0
         74 00 61 00
         62 00 6E 00
         20 00 30 00
         78 00 34 00
         34 00 2C 00
         30 00 2C 00
         37 00 39 00
         2C 00 00 00
         00 00      
000006C6 9A 00 00 00        		.dd LM33-_main
000006C8 0D 00 0A 00        		.dw 0x0d,0x0a
00008117                    	.code
                            	LM33:
00008117 0F 9F 56 81        		pc=L9	// jump
                            	L20:
000006CA                    	.debug
000006CA 2E 00 73 00        		.dw '.stabn 0x44,0,81,',0,0
         74 00 61 00
         62 00 6E 00
         20 00 30 00
         78 00 34 00
         34 00 2C 00
         30 00 2C 00
         38 00 31 00
         2C 00 00 00
         00 00      
000006DD 9C 00 00 00        		.dd LM34-_main
000006DF 0D 00 0A 00        		.dw 0x0d,0x0a
00008119                    	.code
                            	LM34:
00008119 09 93 B0 03        		R1=944	// QImode move
0000811B C8 D2              		[SP--]=R1	// QImode move
0000811C 50 92              		R1=16	// QImode move
0000811D C8 D2              		[SP--]=R1	// QImode move
0000811E 40 F0 E4 81        		call _F_Pwm	// call with return value
00008120 42 00              		SP=SP+2
000006E1                    	.debug
000006E1 2E 00 73 00        		.dw '.stabn 0x44,0,82,',0,0
         74 00 61 00
         62 00 6E 00
         20 00 30 00
         78 00 34 00
         34 00 2C 00
         30 00 2C 00
         38 00 32 00
         2C 00 00 00
         00 00      
000006F4 A4 00 00 00        		.dd LM35-_main
000006F6 0D 00 0A 00        		.dw 0x0d,0x0a
00008121                    	.code
                            	LM35:
00008121 0F 9F 56 81        		pc=L9	// jump
                            	L21:
000006F8                    	.debug
000006F8 2E 00 73 00        		.dw '.stabn 0x44,0,84,',0,0
         74 00 61 00
         62 00 6E 00
         20 00 30 00
         78 00 34 00
         34 00 2C 00
         30 00 2C 00
         38 00 34 00
         2C 00 00 00
         00 00      
0000070B A6 00 00 00        		.dd LM36-_main
0000070D 0D 00 0A 00        		.dw 0x0d,0x0a
00008123                    	.code
                            	LM36:
00008123 09 93 B0 01        		R1=432	// QImode move
00008125 C8 D2              		[SP--]=R1	// QImode move
00008126 50 92              		R1=16	// QImode move
00008127 C8 D2              		[SP--]=R1	// QImode move
00008128 40 F0 E4 81        		call _F_Pwm	// call with return value
0000812A 42 00              		SP=SP+2
0000070F                    	.debug
0000070F 2E 00 73 00        		.dw '.stabn 0x44,0,85,',0,0
         74 00 61 00
         62 00 6E 00
         20 00 30 00
         78 00 34 00
         34 00 2C 00
         30 00 2C 00
         38 00 35 00
         2C 00 00 00
         00 00      
00000722 AE 00 00 00        		.dd LM37-_main
00000724 0D 00 0A 00        		.dw 0x0d,0x0a
0000812B                    	.code
                            	LM37:
0000812B 0F 9F 56 81        		pc=L9	// jump
                            	L22:
00000726                    	.debug
00000726 2E 00 73 00        		.dw '.stabn 0x44,0,87,',0,0
         74 00 61 00
         62 00 6E 00
         20 00 30 00
         78 00 34 00
         34 00 2C 00
         30 00 2C 00
         38 00 37 00
         2C 00 00 00
         00 00      
00000739 B0 00 00 00        		.dd LM38-_main
0000073B 0D 00 0A 00        		.dw 0x0d,0x0a
0000812D                    	.code
                            	LM38:
0000812D 09 93 70 00        		R1=112	// QImode move
0000812F C8 D2              		[SP--]=R1	// QImode move
00008130 48 92              		R1=8	// QImode move
00008131 C8 D2              		[SP--]=R1	// QImode move
00008132 40 F0 E4 81        		call _F_Pwm	// call with return value
00008134 42 00              		SP=SP+2
0000073D                    	.debug
0000073D 2E 00 73 00        		.dw '.stabn 0x44,0,88,',0,0
         74 00 61 00
         62 00 6E 00
         20 00 30 00
         78 00 34 00
         34 00 2C 00
         30 00 2C 00
         38 00 38 00
         2C 00 00 00
         00 00      
00000750 B8 00 00 00        		.dd LM39-_main
00000752 0D 00 0A 00        		.dw 0x0d,0x0a
00008135                    	.code
                            	LM39:
00008135 0F 9F 56 81        		pc=L9	// jump
                            	L23:
00000754                    	.debug
00000754 2E 00 73 00        		.dw '.stabn 0x44,0,90,',0,0
         74 00 61 00
         62 00 6E 00
         20 00 30 00
         78 00 34 00
         34 00 2C 00
         30 00 2C 00
         39 00 30 00
         2C 00 00 00
         00 00      
00000767 BA 00 00 00        		.dd LM40-_main
00000769 0D 00 0A 00        		.dw 0x0d,0x0a
00008137                    	.code
                            	LM40:
00008137 09 93 F0 00        		R1=240	// QImode move
00008139 C8 D2              		[SP--]=R1	// QImode move
0000813A 48 92              		R1=8	// QImode move
0000813B C8 D2              		[SP--]=R1	// QImode move
0000813C 40 F0 E4 81        		call _F_Pwm	// call with return value
0000813E 42 00              		SP=SP+2
0000076B                    	.debug
0000076B 2E 00 73 00        		.dw '.stabn 0x44,0,91,',0,0
         74 00 61 00
         62 00 6E 00
         20 00 30 00
         78 00 34 00
         34 00 2C 00
         30 00 2C 00
         39 00 31 00
         2C 00 00 00
         00 00      
0000077E C2 00 00 00        		.dd LM41-_main
00000780 0D 00 0A 00        		.dw 0x0d,0x0a
0000813F                    	.code
                            	LM41:
0000813F 0F 9F 56 81        		pc=L9	// jump
                            	L24:
00000782                    	.debug
00000782 2E 00 73 00        		.dw '.stabn 0x44,0,93,',0,0
         74 00 61 00
         62 00 6E 00
         20 00 30 00
         78 00 34 00
         34 00 2C 00
         30 00 2C 00
         39 00 33 00
         2C 00 00 00
         00 00      
00000795 C4 00 00 00        		.dd LM42-_main
00000797 0D 00 0A 00        		.dw 0x0d,0x0a
00008141                    	.code
                            	LM42:
00008141 09 93 B0 03        		R1=944	// QImode move
00008143 C8 D2              		[SP--]=R1	// QImode move
00008144 48 92              		R1=8	// QImode move
00008145 C8 D2              		[SP--]=R1	// QImode move
00008146 40 F0 E4 81        		call _F_Pwm	// call with return value
00008148 42 00              		SP=SP+2
00000799                    	.debug
00000799 2E 00 73 00        		.dw '.stabn 0x44,0,94,',0,0
         74 00 61 00
         62 00 6E 00
         20 00 30 00
         78 00 34 00
         34 00 2C 00
         30 00 2C 00
         39 00 34 00
         2C 00 00 00
         00 00      
000007AC CC 00 00 00        		.dd LM43-_main
000007AE 0D 00 0A 00        		.dw 0x0d,0x0a
00008149                    	.code
                            	LM43:
00008149 0F 9F 56 81        		pc=L9	// jump
                            	L25:
000007B0                    	.debug
000007B0 2E 00 73 00        		.dw '.stabn 0x44,0,96,',0,0
         74 00 61 00
         62 00 6E 00
         20 00 30 00
         78 00 34 00
         34 00 2C 00
         30 00 2C 00
         39 00 36 00
         2C 00 00 00
         00 00      
000007C3 CE 00 00 00        		.dd LM44-_main
000007C5 0D 00 0A 00        		.dw 0x0d,0x0a
0000814B                    	.code
                            	LM44:
0000814B 40 92              		R1=0	// QImode move
0000814C C8 D2              		[SP--]=R1	// QImode move
0000814D 40 92              		R1=0	// QImode move
0000814E C8 D2              		[SP--]=R1	// QImode move
0000814F 40 F0 E4 81        		call _F_Pwm	// call with return value
00008151 42 00              		SP=SP+2
000007C7                    	.debug
000007C7 2E 00 73 00        		.dw '.stabn 0x44,0,97,',0,0
         74 00 61 00
         62 00 6E 00
         20 00 30 00
         78 00 34 00
         34 00 2C 00
         30 00 2C 00
         39 00 37 00
         2C 00 00 00
         00 00      
000007DA D5 00 00 00        		.dd LM45-_main
000007DC 0D 00 0A 00        		.dw 0x0d,0x0a
00008152                    	.code
                            	LM45:
00008152 0F 9F 56 81        		pc=L9	// jump
                            	L26:
000007DE                    	.debug
000007DE 2E 00 73 00        		.dw '.stabn 0x44,0,99,',0,0
         74 00 61 00
         62 00 6E 00
         20 00 30 00
         78 00 34 00
         34 00 2C 00
         30 00 2C 00
         39 00 39 00
         2C 00 00 00
         00 00      
000007F1 D7 00 00 00        		.dd LM46-_main
000007F3 0D 00 0A 00        		.dw 0x0d,0x0a
00008154                    	.code
                            	LM46:
00008154 0F 9F 56 81        		pc=L9	// jump
000007F5                    	.debug
000007F5 2E 00 73 00        		.dw '.stabn 0x44,0,100,',0,0
         74 00 61 00
         62 00 6E 00
         20 00 30 00
         78 00 34 00
         34 00 2C 00
         30 00 2C 00
         31 00 30 00
         30 00 2C 00
         00 00 00 00
00000809 D9 00 00 00        		.dd LM47-_main
0000080B 0D 00 0A 00        		.dw 0x0d,0x0a
00008156                    	.code
                            	LM47:
                            	LBE5:
                            	L9:
0000080D                    	.debug
0000080D 2E 00 73 00        		.dw '.stabn 0x44,0,103,',0,0
         74 00 61 00
         62 00 6E 00
         20 00 30 00
         78 00 34 00
         34 00 2C 00
         30 00 2C 00
         31 00 30 00
         33 00 2C 00
         00 00 00 00
00000821 D9 00 00 00        		.dd LM48-_main
00000823 0D 00 0A 00        		.dw 0x0d,0x0a
00008156                    	.code
                            	LM48:
                            	LBE4:
00008156 0F 9F 97 80        		pc=L6	// jump
                            	L7:
00000825                    	.debug
00000825 2E 00 73 00        		.dw '.stabn 0x44,0,105,',0,0
         74 00 61 00
         62 00 6E 00
         20 00 30 00
         78 00 34 00
         34 00 2C 00
         30 00 2C 00
         31 00 30 00
         35 00 2C 00
         00 00 00 00
00000839 DB 00 00 00        		.dd LM49-_main
0000083B 0D 00 0A 00        		.dw 0x0d,0x0a
00008158                    	.code
                            	LM49:
                            	LBE3:
00008158 0F 9F 8E 80        		pc=L3	// jump
                            	L4:
0000083D                    	.debug
0000083D 2E 00 73 00        		.dw '.stabn 0x44,0,106,',0,0
         74 00 61 00
         62 00 6E 00
         20 00 30 00
         78 00 34 00
         34 00 2C 00
         30 00 2C 00
         31 00 30 00
         36 00 2C 00
         00 00 00 00
00000851 DD 00 00 00        		.dd LM50-_main
00000853 0D 00 0A 00        		.dw 0x0d,0x0a
0000815A                    	.code
                            	LM50:
                            	LBE2:
00000855                    	.debug
00000855 2E 00 73 00        		.dw '.stabn 0x44,0,106,',0,0
         74 00 61 00
         62 00 6E 00
         20 00 30 00
         78 00 34 00
         34 00 2C 00
         30 00 2C 00
         31 00 30 00
         36 00 2C 00
         00 00 00 00
00000869 DD 00 00 00        		.dd LM51-_main
0000086B 0D 00 0A 00        		.dw 0x0d,0x0a
0000815A                    	.code
                            	LM51:
                            	L2:
                            	
0000815A 41 00              		sp+=1
0000815B 88 98              		pop bp from [sp]
0000815C 90 9A              		retf
                            		.endp	// end of main
                            	
0000086D                    	.debug
0000086D 2E 00 73 00        		.dw '.stabn 0xc0,0,0,',0,0
         74 00 61 00
         62 00 6E 00
         20 00 30 00
         78 00 63 00
         30 00 2C 00
         30 00 2C 00
         30 00 2C 00
         00 00 00 00
0000087F 07 00 00 00        		.dd LBB2-_main
00000881 0D 00 0A 00        		.dw 0x0d,0x0a
0000815D                    	.code
00000883                    	.debug
00000883 2E 00 73 00        		.dw '.stabn 0xc0,0,0,',0,0
         74 00 61 00
         62 00 6E 00
         20 00 30 00
         78 00 63 00
         30 00 2C 00
         30 00 2C 00
         30 00 2C 00
         00 00 00 00
00000895 15 00 00 00        		.dd LBB3-_main
00000897 0D 00 0A 00        		.dw 0x0d,0x0a
0000815D                    	.code
00000899                    	.debug
00000899 2E 00 73 00        		.dw '.stabn 0xc0,0,0,',0,0
         74 00 61 00
         62 00 6E 00
         20 00 30 00
         78 00 63 00
         30 00 2C 00
         30 00 2C 00
         30 00 2C 00
         00 00 00 00
000008AB 22 00 00 00        		.dd LBB4-_main
000008AD 0D 00 0A 00        		.dw 0x0d,0x0a
0000815D                    	.code
000008AF                    	.debug
000008AF 2E 00 73 00        		.dw '.stabn 0xc0,0,0,',0,0
         74 00 61 00
         62 00 6E 00
         20 00 30 00
         78 00 63 00
         30 00 2C 00
         30 00 2C 00
         30 00 2C 00
         00 00 00 00
000008C1 38 00 00 00        		.dd LBB5-_main
000008C3 0D 00 0A 00        		.dw 0x0d,0x0a
0000815D                    	.code
000008C5                    	.debug
000008C5 2E 00 73 00        		.dw '.stabn 0xe0,0,0,',0,0
         74 00 61 00
         62 00 6E 00
         20 00 30 00
         78 00 65 00
         30 00 2C 00
         30 00 2C 00
         30 00 2C 00
         00 00 00 00
000008D7 D9 00 00 00        		.dd LBE5-_main
000008D9 0D 00 0A 00        		.dw 0x0d,0x0a
0000815D                    	.code
000008DB                    	.debug
000008DB 2E 00 73 00        		.dw '.stabn 0xe0,0,0,',0,0
         74 00 61 00
         62 00 6E 00
         20 00 30 00
         78 00 65 00
         30 00 2C 00
         30 00 2C 00
         30 00 2C 00
         00 00 00 00
000008ED D9 00 00 00        		.dd LBE4-_main
000008EF 0D 00 0A 00        		.dw 0x0d,0x0a
0000815D                    	.code
000008F1                    	.debug
000008F1 2E 00 73 00        		.dw '.stabn 0xe0,0,0,',0,0
         74 00 61 00
         62 00 6E 00
         20 00 30 00
         78 00 65 00
         30 00 2C 00
         30 00 2C 00
         30 00 2C 00
         00 00 00 00
00000903 DB 00 00 00        		.dd LBE3-_main
00000905 0D 00 0A 00        		.dw 0x0d,0x0a
0000815D                    	.code
00000907                    	.debug
00000907 2E 00 73 00        		.dw '.stabn 0xe0,0,0,',0,0
         74 00 61 00
         62 00 6E 00
         20 00 30 00
         78 00 65 00
         30 00 2C 00
         30 00 2C 00
         30 00 2C 00
         00 00 00 00
00000919 DD 00 00 00        		.dd LBE2-_main
0000091B 0D 00 0A 00        		.dw 0x0d,0x0a
0000815D                    	.code
0000091D                    	.debug
0000091D 2E 00 73 00        		.dw '.stabf ',0,0
         74 00 61 00
         62 00 66 00
         20 00 00 00
         00 00      
00000926 E0 00 00 00        		.dd LME1-_main
00000928 0D 00 0A 00        		.dw 0x0d,0x0a
0000815D                    	.code
                            	LME1:
0000092A                    	.debug
0000092A 2E 00 73 00        		.dw '.stabs "KeyVal:G4",32,0,0,',0,0,offset _KeyVal,seg _KeyVal,0x0d,0x0a
         74 00 61 00
         62 00 73 00
         20 00 22 00
         4B 00 65 00
         79 00 56 00
         61 00 6C 00
         3A 00 47 00
         34 00 22 00
         2C 00 33 00
         32 00 2C 00
         30 00 2C 00
         30 00 2C 00
         00 00 00 00
         00 00 00 00
         0D 00 0A 00
0000815D                    	.CODE
00000000                    	.ram
                            	.public _KeyVal
                            	_KeyVal:
00000000 00 00              		.dw 0
0000094A                    	.debug
0000094A 2E 00 73 00        		.dw '.stabs "KeyDownTimes:G4",32,0,0,',0,0,offset _KeyDownTimes,seg _KeyDownTimes,0x0d,0x0a
         74 00 61 00
         62 00 73 00
         20 00 22 00
         4B 00 65 00
         79 00 44 00
         6F 00 77 00
         6E 00 54 00
         69 00 6D 00
         65 00 73 00
         3A 00 47 00
         34 00 22 00
         2C 00 33 00
         32 00 2C 00
         30 00 2C 00
         30 00 2C 00
         00 00 00 00
         01 00 00 00
         0D 00 0A 00
0000815D                    	.CODE
00000001                    	.ram
                            	.public _KeyDownTimes
                            	_KeyDownTimes:
00000001 00 00              		.dw 0
00000970                    	.debug
00000970 2E 00 73 00        		.dw '.stabs "KeyFlag:G4",32,0,0,',0,0,offset _KeyFlag,seg _KeyFlag,0x0d,0x0a
         74 00 61 00
         62 00 73 00
         20 00 22 00
         4B 00 65 00
         79 00 46 00
         6C 00 61 00
         67 00 3A 00
         47 00 34 00
         22 00 2C 00
         33 00 32 00
         2C 00 30 00
         2C 00 30 00
         2C 00 00 00
         00 00 02 00
         00 00 0D 00
         0A 00      
0000815D                    	.CODE
00000002                    	.ram
                            	.public _KeyFlag
                            	_KeyFlag:
00000002 00 00              		.dw 0
                            	.external _F_Pwm
                            	.external _F_Get_Key
                            	.external _F_Key_Scan
                            	.external _F_IRQ3_Init
                            	.external _SP_Init_IOA
                            		.end
0 error(s), 0 warning(s).

