C51 COMPILER V8.05a   CHENGXU                                                              01/02/2012 00:14:28 PAGE 1   


C51 COMPILER V8.05a, COMPILATION OF MODULE CHENGXU
OBJECT MODULE PLACED IN chengxu.OBJ
COMPILER INVOKED BY: C:\Keil\C51\BIN\C51.EXE chengxu.c BROWSE DEBUG OBJECTEXTEND

line level    source

   1          /********************************************************************
   2                                      汇诚科技
   3          
   4          实现功能:秒延时2秒程序
   5          使用芯片：STC15F104E
   6          晶振：12MHZ
   7          波特率：9600
   8          编译环境：Keil
   9          作者：zhangxinchunleo
  10          网站：www.ourhc.cn
  11          淘宝店：汇诚科技 http://shop36330473.taobao.com
  12          【声明】此程序仅用于学习与参考，引用请注明版权和作者信息！     
  13          
  14          *********************************************************************/
  15          /********************************************************************/
  16          #include<reg52.h>              //库文件
  17          #define uchar unsigned char//宏定义无符号字符型
  18          #define uint unsigned int  //宏定义无符号整型
  19          /********************************************************************
  20                                      I/O定义
  21          *********************************************************************/
  22          sbit JDQ=P3^3;   //定义单片机P3口的第3位 （即P3.3）
  23          /********************************************************************
  24                                      延时函数
  25          *********************************************************************/
  26          void delay()//延时程序
  27          {
  28   1      uchar m,n,s;
  29   1      for(m=20;m>0;m--)
  30   1      for(n=200;n>0;n--)
  31   1      for(s=248;s>0;s--);
  32   1      }
  33          /********************************************************************
  34                                      主函数
  35          *********************************************************************/
  36          void main()
  37          {
  38   1              while(1)   //无限循环
  39   1              {
  40   2               JDQ=0;    //点亮P3.3口灯
  41   2               delay();  //延时
  42   2               JDQ=1;    //熄灭P3.3口灯
  43   2               delay();  //延时
  44   2              }
  45   1      }       
  46          /********************************************************************
  47                                        结束
  48          *********************************************************************/


MODULE INFORMATION:   STATIC OVERLAYABLE
   CODE SIZE        =     25    ----
   CONSTANT SIZE    =   ----    ----
   XDATA SIZE       =   ----    ----
   PDATA SIZE       =   ----    ----
C51 COMPILER V8.05a   CHENGXU                                                              01/02/2012 00:14:28 PAGE 2   

   DATA SIZE        =   ----    ----
   IDATA SIZE       =   ----    ----
   BIT SIZE         =   ----    ----
END OF MODULE INFORMATION.


C51 COMPILATION COMPLETE.  0 WARNING(S),  0 ERROR(S)
